<?xml version="1.0" encoding="UTF-8"?>
<coverage generated="1781072580632" clover="3.2.0">
  <project timestamp="1781072580632" name="All files">
    <metrics statements="5485" coveredstatements="2295" conditionals="927" coveredconditionals="732" methods="122" coveredmethods="86" elements="6534" coveredelements="3113" complexity="0" loc="5485" ncloc="5485" packages="12" files="42" classes="42"/>
    <package name="frontend">
      <metrics statements="27" coveredstatements="0" conditionals="1" coveredconditionals="0" methods="1" coveredmethods="0"/>
      <file name="replace_colors.mjs" path="/Users/ashish.rameshwalke/Documents/Smart Farm/Code/Smart-Farm-Field-Intelligence-Platform/frontend/replace_colors.mjs">
        <metrics statements="27" coveredstatements="0" conditionals="1" coveredconditionals="0" methods="1" coveredmethods="0"/>
        <line num="1" count="0" type="cond" truecount="0" falsecount="1"/>
        <line num="2" count="0" type="stmt"/>
        <line num="3" count="0" type="stmt"/>
        <line num="4" count="0" type="stmt"/>
        <line num="5" count="0" type="stmt"/>
        <line num="6" count="0" type="stmt"/>
        <line num="7" count="0" type="stmt"/>
        <line num="8" count="0" type="stmt"/>
        <line num="9" count="0" type="stmt"/>
        <line num="10" count="0" type="stmt"/>
        <line num="11" count="0" type="stmt"/>
        <line num="12" count="0" type="stmt"/>
        <line num="13" count="0" type="stmt"/>
        <line num="14" count="0" type="stmt"/>
        <line num="15" count="0" type="stmt"/>
        <line num="16" count="0" type="stmt"/>
        <line num="17" count="0" type="stmt"/>
        <line num="18" count="0" type="stmt"/>
        <line num="19" count="0" type="stmt"/>
        <line num="20" count="0" type="stmt"/>
        <line num="21" count="0" type="stmt"/>
        <line num="22" count="0" type="stmt"/>
        <line num="23" count="0" type="stmt"/>
        <line num="24" count="0" type="stmt"/>
        <line num="25" count="0" type="stmt"/>
        <line num="26" count="0" type="stmt"/>
        <line num="27" count="0" type="stmt"/>
      </file>
    </package>
    <package name="frontend.src">
      <metrics statements="48" coveredstatements="0" conditionals="2" coveredconditionals="0" methods="2" coveredmethods="0"/>
      <file name="App.tsx" path="/Users/ashish.rameshwalke/Documents/Smart Farm/Code/Smart-Farm-Field-Intelligence-Platform/frontend/src/App.tsx">
        <metrics statements="32" coveredstatements="0" conditionals="1" coveredconditionals="0" methods="1" coveredmethods="0"/>
        <line num="1" count="0" type="cond" truecount="0" falsecount="1"/>
        <line num="2" count="0" type="stmt"/>
        <line num="3" count="0" type="stmt"/>
        <line num="4" count="0" type="stmt"/>
        <line num="5" count="0" type="stmt"/>
        <line num="6" count="0" type="stmt"/>
        <line num="7" count="0" type="stmt"/>
        <line num="8" count="0" type="stmt"/>
        <line num="9" count="0" type="stmt"/>
        <line num="10" count="0" type="stmt"/>
        <line num="11" count="0" type="stmt"/>
        <line num="12" count="0" type="stmt"/>
        <line num="13" count="0" type="stmt"/>
        <line num="14" count="0" type="stmt"/>
        <line num="15" count="0" type="stmt"/>
        <line num="16" count="0" type="stmt"/>
        <line num="17" count="0" type="stmt"/>
        <line num="18" count="0" type="stmt"/>
        <line num="19" count="0" type="stmt"/>
        <line num="20" count="0" type="stmt"/>
        <line num="21" count="0" type="stmt"/>
        <line num="22" count="0" type="stmt"/>
        <line num="23" count="0" type="stmt"/>
        <line num="24" count="0" type="stmt"/>
        <line num="25" count="0" type="stmt"/>
        <line num="26" count="0" type="stmt"/>
        <line num="27" count="0" type="stmt"/>
        <line num="28" count="0" type="stmt"/>
        <line num="29" count="0" type="stmt"/>
        <line num="30" count="0" type="stmt"/>
        <line num="31" count="0" type="stmt"/>
        <line num="32" count="0" type="stmt"/>
      </file>
      <file name="main.tsx" path="/Users/ashish.rameshwalke/Documents/Smart Farm/Code/Smart-Farm-Field-Intelligence-Platform/frontend/src/main.tsx">
        <metrics statements="16" coveredstatements="0" conditionals="1" coveredconditionals="0" methods="1" coveredmethods="0"/>
        <line num="1" count="0" type="cond" truecount="0" falsecount="1"/>
        <line num="2" count="0" type="stmt"/>
        <line num="3" count="0" type="stmt"/>
        <line num="4" count="0" type="stmt"/>
        <line num="5" count="0" type="stmt"/>
        <line num="6" count="0" type="stmt"/>
        <line num="7" count="0" type="stmt"/>
        <line num="8" count="0" type="stmt"/>
        <line num="9" count="0" type="stmt"/>
        <line num="10" count="0" type="stmt"/>
        <line num="11" count="0" type="stmt"/>
        <line num="12" count="0" type="stmt"/>
        <line num="13" count="0" type="stmt"/>
        <line num="14" count="0" type="stmt"/>
        <line num="15" count="0" type="stmt"/>
        <line num="16" count="0" type="stmt"/>
      </file>
    </package>
    <package name="frontend.src.components.Branches">
      <metrics statements="506" coveredstatements="0" conditionals="3" coveredconditionals="0" methods="3" coveredmethods="0"/>
      <file name="BranchList.tsx" path="/Users/ashish.rameshwalke/Documents/Smart Farm/Code/Smart-Farm-Field-Intelligence-Platform/frontend/src/components/Branches/BranchList.tsx">
        <metrics statements="139" coveredstatements="0" conditionals="1" coveredconditionals="0" methods="1" coveredmethods="0"/>
        <line num="1" count="0" type="cond" truecount="0" falsecount="1"/>
        <line num="2" count="0" type="stmt"/>
        <line num="3" count="0" type="stmt"/>
        <line num="4" count="0" type="stmt"/>
        <line num="5" count="0" type="stmt"/>
        <line num="6" count="0" type="stmt"/>
        <line num="7" count="0" type="stmt"/>
        <line num="8" count="0" type="stmt"/>
        <line num="9" count="0" type="stmt"/>
        <line num="10" count="0" type="stmt"/>
        <line num="11" count="0" type="stmt"/>
        <line num="12" count="0" type="stmt"/>
        <line num="13" count="0" type="stmt"/>
        <line num="14" count="0" type="stmt"/>
        <line num="15" count="0" type="stmt"/>
        <line num="16" count="0" type="stmt"/>
        <line num="17" count="0" type="stmt"/>
        <line num="18" count="0" type="stmt"/>
        <line num="19" count="0" type="stmt"/>
        <line num="20" count="0" type="stmt"/>
        <line num="21" count="0" type="stmt"/>
        <line num="22" count="0" type="stmt"/>
        <line num="23" count="0" type="stmt"/>
        <line num="24" count="0" type="stmt"/>
        <line num="25" count="0" type="stmt"/>
        <line num="26" count="0" type="stmt"/>
        <line num="27" count="0" type="stmt"/>
        <line num="28" count="0" type="stmt"/>
        <line num="29" count="0" type="stmt"/>
        <line num="30" count="0" type="stmt"/>
        <line num="31" count="0" type="stmt"/>
        <line num="32" count="0" type="stmt"/>
        <line num="33" count="0" type="stmt"/>
        <line num="34" count="0" type="stmt"/>
        <line num="35" count="0" type="stmt"/>
        <line num="36" count="0" type="stmt"/>
        <line num="37" count="0" type="stmt"/>
        <line num="38" count="0" type="stmt"/>
        <line num="39" count="0" type="stmt"/>
        <line num="40" count="0" type="stmt"/>
        <line num="41" count="0" type="stmt"/>
        <line num="42" count="0" type="stmt"/>
        <line num="43" count="0" type="stmt"/>
        <line num="44" count="0" type="stmt"/>
        <line num="45" count="0" type="stmt"/>
        <line num="46" count="0" type="stmt"/>
        <line num="47" count="0" type="stmt"/>
        <line num="48" count="0" type="stmt"/>
        <line num="49" count="0" type="stmt"/>
        <line num="50" count="0" type="stmt"/>
        <line num="51" count="0" type="stmt"/>
        <line num="52" count="0" type="stmt"/>
        <line num="53" count="0" type="stmt"/>
        <line num="54" count="0" type="stmt"/>
        <line num="55" count="0" type="stmt"/>
        <line num="56" count="0" type="stmt"/>
        <line num="57" count="0" type="stmt"/>
        <line num="58" count="0" type="stmt"/>
        <line num="59" count="0" type="stmt"/>
        <line num="60" count="0" type="stmt"/>
        <line num="61" count="0" type="stmt"/>
        <line num="62" count="0" type="stmt"/>
        <line num="63" count="0" type="stmt"/>
        <line num="64" count="0" type="stmt"/>
        <line num="65" count="0" type="stmt"/>
        <line num="66" count="0" type="stmt"/>
        <line num="67" count="0" type="stmt"/>
        <line num="68" count="0" type="stmt"/>
        <line num="69" count="0" type="stmt"/>
        <line num="70" count="0" type="stmt"/>
        <line num="71" count="0" type="stmt"/>
        <line num="72" count="0" type="stmt"/>
        <line num="73" count="0" type="stmt"/>
        <line num="74" count="0" type="stmt"/>
        <line num="75" count="0" type="stmt"/>
        <line num="76" count="0" type="stmt"/>
        <line num="77" count="0" type="stmt"/>
        <line num="78" count="0" type="stmt"/>
        <line num="79" count="0" type="stmt"/>
        <line num="80" count="0" type="stmt"/>
        <line num="81" count="0" type="stmt"/>
        <line num="82" count="0" type="stmt"/>
        <line num="83" count="0" type="stmt"/>
        <line num="84" count="0" type="stmt"/>
        <line num="85" count="0" type="stmt"/>
        <line num="86" count="0" type="stmt"/>
        <line num="87" count="0" type="stmt"/>
        <line num="88" count="0" type="stmt"/>
        <line num="89" count="0" type="stmt"/>
        <line num="90" count="0" type="stmt"/>
        <line num="91" count="0" type="stmt"/>
        <line num="92" count="0" type="stmt"/>
        <line num="93" count="0" type="stmt"/>
        <line num="94" count="0" type="stmt"/>
        <line num="95" count="0" type="stmt"/>
        <line num="96" count="0" type="stmt"/>
        <line num="97" count="0" type="stmt"/>
        <line num="98" count="0" type="stmt"/>
        <line num="99" count="0" type="stmt"/>
        <line num="100" count="0" type="stmt"/>
        <line num="101" count="0" type="stmt"/>
        <line num="102" count="0" type="stmt"/>
        <line num="103" count="0" type="stmt"/>
        <line num="104" count="0" type="stmt"/>
        <line num="105" count="0" type="stmt"/>
        <line num="106" count="0" type="stmt"/>
        <line num="107" count="0" type="stmt"/>
        <line num="108" count="0" type="stmt"/>
        <line num="109" count="0" type="stmt"/>
        <line num="110" count="0" type="stmt"/>
        <line num="111" count="0" type="stmt"/>
        <line num="112" count="0" type="stmt"/>
        <line num="113" count="0" type="stmt"/>
        <line num="114" count="0" type="stmt"/>
        <line num="115" count="0" type="stmt"/>
        <line num="116" count="0" type="stmt"/>
        <line num="117" count="0" type="stmt"/>
        <line num="118" count="0" type="stmt"/>
        <line num="119" count="0" type="stmt"/>
        <line num="120" count="0" type="stmt"/>
        <line num="121" count="0" type="stmt"/>
        <line num="122" count="0" type="stmt"/>
        <line num="123" count="0" type="stmt"/>
        <line num="124" count="0" type="stmt"/>
        <line num="125" count="0" type="stmt"/>
        <line num="126" count="0" type="stmt"/>
        <line num="127" count="0" type="stmt"/>
        <line num="128" count="0" type="stmt"/>
        <line num="129" count="0" type="stmt"/>
        <line num="130" count="0" type="stmt"/>
        <line num="131" count="0" type="stmt"/>
        <line num="132" count="0" type="stmt"/>
        <line num="133" count="0" type="stmt"/>
        <line num="134" count="0" type="stmt"/>
        <line num="135" count="0" type="stmt"/>
        <line num="136" count="0" type="stmt"/>
        <line num="137" count="0" type="stmt"/>
        <line num="138" count="0" type="stmt"/>
        <line num="139" count="0" type="stmt"/>
      </file>
      <file name="BranchMap.tsx" path="/Users/ashish.rameshwalke/Documents/Smart Farm/Code/Smart-Farm-Field-Intelligence-Platform/frontend/src/components/Branches/BranchMap.tsx">
        <metrics statements="182" coveredstatements="0" conditionals="1" coveredconditionals="0" methods="1" coveredmethods="0"/>
        <line num="1" count="0" type="cond" truecount="0" falsecount="1"/>
        <line num="2" count="0" type="stmt"/>
        <line num="3" count="0" type="stmt"/>
        <line num="4" count="0" type="stmt"/>
        <line num="5" count="0" type="stmt"/>
        <line num="6" count="0" type="stmt"/>
        <line num="7" count="0" type="stmt"/>
        <line num="8" count="0" type="stmt"/>
        <line num="9" count="0" type="stmt"/>
        <line num="10" count="0" type="stmt"/>
        <line num="11" count="0" type="stmt"/>
        <line num="12" count="0" type="stmt"/>
        <line num="13" count="0" type="stmt"/>
        <line num="14" count="0" type="stmt"/>
        <line num="15" count="0" type="stmt"/>
        <line num="16" count="0" type="stmt"/>
        <line num="17" count="0" type="stmt"/>
        <line num="18" count="0" type="stmt"/>
        <line num="19" count="0" type="stmt"/>
        <line num="20" count="0" type="stmt"/>
        <line num="21" count="0" type="stmt"/>
        <line num="22" count="0" type="stmt"/>
        <line num="23" count="0" type="stmt"/>
        <line num="24" count="0" type="stmt"/>
        <line num="25" count="0" type="stmt"/>
        <line num="26" count="0" type="stmt"/>
        <line num="27" count="0" type="stmt"/>
        <line num="28" count="0" type="stmt"/>
        <line num="29" count="0" type="stmt"/>
        <line num="30" count="0" type="stmt"/>
        <line num="31" count="0" type="stmt"/>
        <line num="32" count="0" type="stmt"/>
        <line num="33" count="0" type="stmt"/>
        <line num="34" count="0" type="stmt"/>
        <line num="35" count="0" type="stmt"/>
        <line num="36" count="0" type="stmt"/>
        <line num="37" count="0" type="stmt"/>
        <line num="38" count="0" type="stmt"/>
        <line num="39" count="0" type="stmt"/>
        <line num="40" count="0" type="stmt"/>
        <line num="41" count="0" type="stmt"/>
        <line num="42" count="0" type="stmt"/>
        <line num="43" count="0" type="stmt"/>
        <line num="44" count="0" type="stmt"/>
        <line num="45" count="0" type="stmt"/>
        <line num="46" count="0" type="stmt"/>
        <line num="47" count="0" type="stmt"/>
        <line num="48" count="0" type="stmt"/>
        <line num="49" count="0" type="stmt"/>
        <line num="50" count="0" type="stmt"/>
        <line num="51" count="0" type="stmt"/>
        <line num="52" count="0" type="stmt"/>
        <line num="53" count="0" type="stmt"/>
        <line num="54" count="0" type="stmt"/>
        <line num="55" count="0" type="stmt"/>
        <line num="56" count="0" type="stmt"/>
        <line num="57" count="0" type="stmt"/>
        <line num="58" count="0" type="stmt"/>
        <line num="59" count="0" type="stmt"/>
        <line num="60" count="0" type="stmt"/>
        <line num="61" count="0" type="stmt"/>
        <line num="62" count="0" type="stmt"/>
        <line num="63" count="0" type="stmt"/>
        <line num="64" count="0" type="stmt"/>
        <line num="65" count="0" type="stmt"/>
        <line num="66" count="0" type="stmt"/>
        <line num="67" count="0" type="stmt"/>
        <line num="68" count="0" type="stmt"/>
        <line num="69" count="0" type="stmt"/>
        <line num="70" count="0" type="stmt"/>
        <line num="71" count="0" type="stmt"/>
        <line num="72" count="0" type="stmt"/>
        <line num="73" count="0" type="stmt"/>
        <line num="74" count="0" type="stmt"/>
        <line num="75" count="0" type="stmt"/>
        <line num="76" count="0" type="stmt"/>
        <line num="77" count="0" type="stmt"/>
        <line num="78" count="0" type="stmt"/>
        <line num="79" count="0" type="stmt"/>
        <line num="80" count="0" type="stmt"/>
        <line num="81" count="0" type="stmt"/>
        <line num="82" count="0" type="stmt"/>
        <line num="83" count="0" type="stmt"/>
        <line num="84" count="0" type="stmt"/>
        <line num="85" count="0" type="stmt"/>
        <line num="86" count="0" type="stmt"/>
        <line num="87" count="0" type="stmt"/>
        <line num="88" count="0" type="stmt"/>
        <line num="89" count="0" type="stmt"/>
        <line num="90" count="0" type="stmt"/>
        <line num="91" count="0" type="stmt"/>
        <line num="92" count="0" type="stmt"/>
        <line num="93" count="0" type="stmt"/>
        <line num="94" count="0" type="stmt"/>
        <line num="95" count="0" type="stmt"/>
        <line num="96" count="0" type="stmt"/>
        <line num="97" count="0" type="stmt"/>
        <line num="98" count="0" type="stmt"/>
        <line num="99" count="0" type="stmt"/>
        <line num="100" count="0" type="stmt"/>
        <line num="101" count="0" type="stmt"/>
        <line num="102" count="0" type="stmt"/>
        <line num="103" count="0" type="stmt"/>
        <line num="104" count="0" type="stmt"/>
        <line num="105" count="0" type="stmt"/>
        <line num="106" count="0" type="stmt"/>
        <line num="107" count="0" type="stmt"/>
        <line num="108" count="0" type="stmt"/>
        <line num="109" count="0" type="stmt"/>
        <line num="110" count="0" type="stmt"/>
        <line num="111" count="0" type="stmt"/>
        <line num="112" count="0" type="stmt"/>
        <line num="113" count="0" type="stmt"/>
        <line num="114" count="0" type="stmt"/>
        <line num="115" count="0" type="stmt"/>
        <line num="116" count="0" type="stmt"/>
        <line num="117" count="0" type="stmt"/>
        <line num="118" count="0" type="stmt"/>
        <line num="119" count="0" type="stmt"/>
        <line num="120" count="0" type="stmt"/>
        <line num="121" count="0" type="stmt"/>
        <line num="122" count="0" type="stmt"/>
        <line num="123" count="0" type="stmt"/>
        <line num="124" count="0" type="stmt"/>
        <line num="125" count="0" type="stmt"/>
        <line num="126" count="0" type="stmt"/>
        <line num="127" count="0" type="stmt"/>
        <line num="128" count="0" type="stmt"/>
        <line num="129" count="0" type="stmt"/>
        <line num="130" count="0" type="stmt"/>
        <line num="131" count="0" type="stmt"/>
        <line num="132" count="0" type="stmt"/>
        <line num="133" count="0" type="stmt"/>
        <line num="134" count="0" type="stmt"/>
        <line num="135" count="0" type="stmt"/>
        <line num="136" count="0" type="stmt"/>
        <line num="137" count="0" type="stmt"/>
        <line num="138" count="0" type="stmt"/>
        <line num="139" count="0" type="stmt"/>
        <line num="140" count="0" type="stmt"/>
        <line num="141" count="0" type="stmt"/>
        <line num="142" count="0" type="stmt"/>
        <line num="143" count="0" type="stmt"/>
        <line num="144" count="0" type="stmt"/>
        <line num="145" count="0" type="stmt"/>
        <line num="146" count="0" type="stmt"/>
        <line num="147" count="0" type="stmt"/>
        <line num="148" count="0" type="stmt"/>
        <line num="149" count="0" type="stmt"/>
        <line num="150" count="0" type="stmt"/>
        <line num="151" count="0" type="stmt"/>
        <line num="152" count="0" type="stmt"/>
        <line num="153" count="0" type="stmt"/>
        <line num="154" count="0" type="stmt"/>
        <line num="155" count="0" type="stmt"/>
        <line num="156" count="0" type="stmt"/>
        <line num="157" count="0" type="stmt"/>
        <line num="158" count="0" type="stmt"/>
        <line num="159" count="0" type="stmt"/>
        <line num="160" count="0" type="stmt"/>
        <line num="161" count="0" type="stmt"/>
        <line num="162" count="0" type="stmt"/>
        <line num="163" count="0" type="stmt"/>
        <line num="164" count="0" type="stmt"/>
        <line num="165" count="0" type="stmt"/>
        <line num="166" count="0" type="stmt"/>
        <line num="167" count="0" type="stmt"/>
        <line num="168" count="0" type="stmt"/>
        <line num="169" count="0" type="stmt"/>
        <line num="170" count="0" type="stmt"/>
        <line num="171" count="0" type="stmt"/>
        <line num="172" count="0" type="stmt"/>
        <line num="173" count="0" type="stmt"/>
        <line num="174" count="0" type="stmt"/>
        <line num="175" count="0" type="stmt"/>
        <line num="176" count="0" type="stmt"/>
        <line num="177" count="0" type="stmt"/>
        <line num="178" count="0" type="stmt"/>
        <line num="179" count="0" type="stmt"/>
        <line num="180" count="0" type="stmt"/>
        <line num="181" count="0" type="stmt"/>
        <line num="182" count="0" type="stmt"/>
      </file>
      <file name="PriceCompare.tsx" path="/Users/ashish.rameshwalke/Documents/Smart Farm/Code/Smart-Farm-Field-Intelligence-Platform/frontend/src/components/Branches/PriceCompare.tsx">
        <metrics statements="185" coveredstatements="0" conditionals="1" coveredconditionals="0" methods="1" coveredmethods="0"/>
        <line num="1" count="0" type="cond" truecount="0" falsecount="1"/>
        <line num="2" count="0" type="stmt"/>
        <line num="3" count="0" type="stmt"/>
        <line num="4" count="0" type="stmt"/>
        <line num="5" count="0" type="stmt"/>
        <line num="6" count="0" type="stmt"/>
        <line num="7" count="0" type="stmt"/>
        <line num="8" count="0" type="stmt"/>
        <line num="9" count="0" type="stmt"/>
        <line num="10" count="0" type="stmt"/>
        <line num="11" count="0" type="stmt"/>
        <line num="12" count="0" type="stmt"/>
        <line num="13" count="0" type="stmt"/>
        <line num="14" count="0" type="stmt"/>
        <line num="15" count="0" type="stmt"/>
        <line num="16" count="0" type="stmt"/>
        <line num="17" count="0" type="stmt"/>
        <line num="18" count="0" type="stmt"/>
        <line num="19" count="0" type="stmt"/>
        <line num="20" count="0" type="stmt"/>
        <line num="21" count="0" type="stmt"/>
        <line num="22" count="0" type="stmt"/>
        <line num="23" count="0" type="stmt"/>
        <line num="24" count="0" type="stmt"/>
        <line num="25" count="0" type="stmt"/>
        <line num="26" count="0" type="stmt"/>
        <line num="27" count="0" type="stmt"/>
        <line num="28" count="0" type="stmt"/>
        <line num="29" count="0" type="stmt"/>
        <line num="30" count="0" type="stmt"/>
        <line num="31" count="0" type="stmt"/>
        <line num="32" count="0" type="stmt"/>
        <line num="33" count="0" type="stmt"/>
        <line num="34" count="0" type="stmt"/>
        <line num="35" count="0" type="stmt"/>
        <line num="36" count="0" type="stmt"/>
        <line num="37" count="0" type="stmt"/>
        <line num="38" count="0" type="stmt"/>
        <line num="39" count="0" type="stmt"/>
        <line num="40" count="0" type="stmt"/>
        <line num="41" count="0" type="stmt"/>
        <line num="42" count="0" type="stmt"/>
        <line num="43" count="0" type="stmt"/>
        <line num="44" count="0" type="stmt"/>
        <line num="45" count="0" type="stmt"/>
        <line num="46" count="0" type="stmt"/>
        <line num="47" count="0" type="stmt"/>
        <line num="48" count="0" type="stmt"/>
        <line num="49" count="0" type="stmt"/>
        <line num="50" count="0" type="stmt"/>
        <line num="51" count="0" type="stmt"/>
        <line num="52" count="0" type="stmt"/>
        <line num="53" count="0" type="stmt"/>
        <line num="54" count="0" type="stmt"/>
        <line num="55" count="0" type="stmt"/>
        <line num="56" count="0" type="stmt"/>
        <line num="57" count="0" type="stmt"/>
        <line num="58" count="0" type="stmt"/>
        <line num="59" count="0" type="stmt"/>
        <line num="60" count="0" type="stmt"/>
        <line num="61" count="0" type="stmt"/>
        <line num="62" count="0" type="stmt"/>
        <line num="63" count="0" type="stmt"/>
        <line num="64" count="0" type="stmt"/>
        <line num="65" count="0" type="stmt"/>
        <line num="66" count="0" type="stmt"/>
        <line num="67" count="0" type="stmt"/>
        <line num="68" count="0" type="stmt"/>
        <line num="69" count="0" type="stmt"/>
        <line num="70" count="0" type="stmt"/>
        <line num="71" count="0" type="stmt"/>
        <line num="72" count="0" type="stmt"/>
        <line num="73" count="0" type="stmt"/>
        <line num="74" count="0" type="stmt"/>
        <line num="75" count="0" type="stmt"/>
        <line num="76" count="0" type="stmt"/>
        <line num="77" count="0" type="stmt"/>
        <line num="78" count="0" type="stmt"/>
        <line num="79" count="0" type="stmt"/>
        <line num="80" count="0" type="stmt"/>
        <line num="81" count="0" type="stmt"/>
        <line num="82" count="0" type="stmt"/>
        <line num="83" count="0" type="stmt"/>
        <line num="84" count="0" type="stmt"/>
        <line num="85" count="0" type="stmt"/>
        <line num="86" count="0" type="stmt"/>
        <line num="87" count="0" type="stmt"/>
        <line num="88" count="0" type="stmt"/>
        <line num="89" count="0" type="stmt"/>
        <line num="90" count="0" type="stmt"/>
        <line num="91" count="0" type="stmt"/>
        <line num="92" count="0" type="stmt"/>
        <line num="93" count="0" type="stmt"/>
        <line num="94" count="0" type="stmt"/>
        <line num="95" count="0" type="stmt"/>
        <line num="96" count="0" type="stmt"/>
        <line num="97" count="0" type="stmt"/>
        <line num="98" count="0" type="stmt"/>
        <line num="99" count="0" type="stmt"/>
        <line num="100" count="0" type="stmt"/>
        <line num="101" count="0" type="stmt"/>
        <line num="102" count="0" type="stmt"/>
        <line num="103" count="0" type="stmt"/>
        <line num="104" count="0" type="stmt"/>
        <line num="105" count="0" type="stmt"/>
        <line num="106" count="0" type="stmt"/>
        <line num="107" count="0" type="stmt"/>
        <line num="108" count="0" type="stmt"/>
        <line num="109" count="0" type="stmt"/>
        <line num="110" count="0" type="stmt"/>
        <line num="111" count="0" type="stmt"/>
        <line num="112" count="0" type="stmt"/>
        <line num="113" count="0" type="stmt"/>
        <line num="114" count="0" type="stmt"/>
        <line num="115" count="0" type="stmt"/>
        <line num="116" count="0" type="stmt"/>
        <line num="117" count="0" type="stmt"/>
        <line num="118" count="0" type="stmt"/>
        <line num="119" count="0" type="stmt"/>
        <line num="120" count="0" type="stmt"/>
        <line num="121" count="0" type="stmt"/>
        <line num="122" count="0" type="stmt"/>
        <line num="123" count="0" type="stmt"/>
        <line num="124" count="0" type="stmt"/>
        <line num="125" count="0" type="stmt"/>
        <line num="126" count="0" type="stmt"/>
        <line num="127" count="0" type="stmt"/>
        <line num="128" count="0" type="stmt"/>
        <line num="129" count="0" type="stmt"/>
        <line num="130" count="0" type="stmt"/>
        <line num="131" count="0" type="stmt"/>
        <line num="132" count="0" type="stmt"/>
        <line num="133" count="0" type="stmt"/>
        <line num="134" count="0" type="stmt"/>
        <line num="135" count="0" type="stmt"/>
        <line num="136" count="0" type="stmt"/>
        <line num="137" count="0" type="stmt"/>
        <line num="138" count="0" type="stmt"/>
        <line num="139" count="0" type="stmt"/>
        <line num="140" count="0" type="stmt"/>
        <line num="141" count="0" type="stmt"/>
        <line num="142" count="0" type="stmt"/>
        <line num="143" count="0" type="stmt"/>
        <line num="144" count="0" type="stmt"/>
        <line num="145" count="0" type="stmt"/>
        <line num="146" count="0" type="stmt"/>
        <line num="147" count="0" type="stmt"/>
        <line num="148" count="0" type="stmt"/>
        <line num="149" count="0" type="stmt"/>
        <line num="150" count="0" type="stmt"/>
        <line num="151" count="0" type="stmt"/>
        <line num="152" count="0" type="stmt"/>
        <line num="153" count="0" type="stmt"/>
        <line num="154" count="0" type="stmt"/>
        <line num="155" count="0" type="stmt"/>
        <line num="156" count="0" type="stmt"/>
        <line num="157" count="0" type="stmt"/>
        <line num="158" count="0" type="stmt"/>
        <line num="159" count="0" type="stmt"/>
        <line num="160" count="0" type="stmt"/>
        <line num="161" count="0" type="stmt"/>
        <line num="162" count="0" type="stmt"/>
        <line num="163" count="0" type="stmt"/>
        <line num="164" count="0" type="stmt"/>
        <line num="165" count="0" type="stmt"/>
        <line num="166" count="0" type="stmt"/>
        <line num="167" count="0" type="stmt"/>
        <line num="168" count="0" type="stmt"/>
        <line num="169" count="0" type="stmt"/>
        <line num="170" count="0" type="stmt"/>
        <line num="171" count="0" type="stmt"/>
        <line num="172" count="0" type="stmt"/>
        <line num="173" count="0" type="stmt"/>
        <line num="174" count="0" type="stmt"/>
        <line num="175" count="0" type="stmt"/>
        <line num="176" count="0" type="stmt"/>
        <line num="177" count="0" type="stmt"/>
        <line num="178" count="0" type="stmt"/>
        <line num="179" count="0" type="stmt"/>
        <line num="180" count="0" type="stmt"/>
        <line num="181" count="0" type="stmt"/>
        <line num="182" count="0" type="stmt"/>
        <line num="183" count="0" type="stmt"/>
        <line num="184" count="0" type="stmt"/>
        <line num="185" count="0" type="stmt"/>
      </file>
    </package>
    <package name="frontend.src.components.Dashboard">
      <metrics statements="2425" coveredstatements="1867" conditionals="752" coveredconditionals="608" methods="77" coveredmethods="65"/>
      <file name="BranchLocatorCard.tsx" path="/Users/ashish.rameshwalke/Documents/Smart Farm/Code/Smart-Farm-Field-Intelligence-Platform/frontend/src/components/Dashboard/BranchLocatorCard.tsx">
        <metrics statements="116" coveredstatements="115" conditionals="27" coveredconditionals="22" methods="2" coveredmethods="2"/>
        <line num="1" count="1" type="stmt"/>
        <line num="2" count="1" type="stmt"/>
        <line num="3" count="1" type="stmt"/>
        <line num="4" count="1" type="stmt"/>
        <line num="11" count="1" type="cond" truecount="1" falsecount="0"/>
        <line num="12" count="9" type="stmt"/>
        <line num="13" count="9" type="stmt"/>
        <line num="14" count="9" type="stmt"/>
        <line num="16" count="9" type="cond" truecount="1" falsecount="0"/>
        <line num="17" count="5" type="cond" truecount="1" falsecount="0"/>
        <line num="18" count="5" type="cond" truecount="0" falsecount="1"/>
        <line num="20" count="5" type="stmt"/>
        <line num="21" count="5" type="stmt"/>
        <line num="22" count="5" type="stmt"/>
        <line num="24" count="5" type="cond" truecount="1" falsecount="0"/>
        <line num="25" count="5" type="cond" truecount="1" falsecount="1"/>
        <line num="27" count="3" type="cond" truecount="1" falsecount="0"/>
        <line num="28" count="5" type="cond" truecount="2" falsecount="0"/>
        <line num="31" count="2" type="stmt"/>
        <line num="32" count="2" type="stmt"/>
        <line num="34" count="5" type="cond" truecount="2" falsecount="0"/>
        <line num="35" count="1" type="stmt"/>
        <line num="36" count="1" type="stmt"/>
        <line num="37" count="1" type="stmt"/>
        <line num="38" count="1" type="stmt"/>
        <line num="39" count="5" type="cond" truecount="1" falsecount="0"/>
        <line num="40" count="2" type="stmt"/>
        <line num="41" count="2" type="stmt"/>
        <line num="42" count="5" type="cond" truecount="1" falsecount="0"/>
        <line num="43" count="4" type="stmt"/>
        <line num="44" count="4" type="stmt"/>
        <line num="45" count="5" type="stmt"/>
        <line num="47" count="5" type="stmt"/>
        <line num="48" count="9" type="stmt"/>
        <line num="50" count="9" type="cond" truecount="1" falsecount="0"/>
        <line num="51" count="5" type="stmt"/>
        <line num="52" count="5" type="stmt"/>
        <line num="53" count="5" type="stmt"/>
        <line num="54" count="5" type="stmt"/>
        <line num="55" count="5" type="stmt"/>
        <line num="56" count="5" type="stmt"/>
        <line num="57" count="5" type="stmt"/>
        <line num="58" count="5" type="stmt"/>
        <line num="59" count="5" type="stmt"/>
        <line num="60" count="5" type="stmt"/>
        <line num="61" count="5" type="stmt"/>
        <line num="63" count="5" type="cond" truecount="1" falsecount="0"/>
        <line num="65" count="9" type="cond" truecount="2" falsecount="0"/>
        <line num="66" count="3" type="stmt"/>
        <line num="67" count="3" type="stmt"/>
        <line num="68" count="3" type="stmt"/>
        <line num="69" count="3" type="cond" truecount="0" falsecount="1"/>
        <line num="70" count="3" type="stmt"/>
        <line num="72" count="3" type="cond" truecount="1" falsecount="0"/>
        <line num="75" count="1" type="cond" truecount="1" falsecount="0"/>
        <line num="76" count="1" type="cond" truecount="2" falsecount="0"/>
        <line num="78" count="1" type="stmt"/>
        <line num="79" count="1" type="stmt"/>
        <line num="80" count="1" type="stmt"/>
        <line num="81" count="1" type="stmt"/>
        <line num="82" count="1" type="stmt"/>
        <line num="83" count="1" type="stmt"/>
        <line num="84" count="1" type="stmt"/>
        <line num="85" count="1" type="stmt"/>
        <line num="86" count="1" type="stmt"/>
        <line num="87" count="1" type="stmt"/>
        <line num="88" count="1" type="stmt"/>
        <line num="89" count="1" type="stmt"/>
        <line num="90" count="1" type="stmt"/>
        <line num="91" count="1" type="stmt"/>
        <line num="92" count="1" type="stmt"/>
        <line num="93" count="1" type="stmt"/>
        <line num="95" count="1" type="stmt"/>
        <line num="96" count="1" type="stmt"/>
        <line num="97" count="1" type="stmt"/>
        <line num="99" count="1" type="stmt"/>
        <line num="100" count="1" type="stmt"/>
        <line num="102" count="1" type="stmt"/>
        <line num="103" count="1" type="stmt"/>
        <line num="104" count="1" type="stmt"/>
        <line num="105" count="1" type="stmt"/>
        <line num="106" count="1" type="stmt"/>
        <line num="107" count="1" type="stmt"/>
        <line num="108" count="1" type="stmt"/>
        <line num="109" count="1" type="stmt"/>
        <line num="110" count="1" type="stmt"/>
        <line num="112" count="9" type="cond" truecount="1" falsecount="0"/>
        <line num="113" count="1" type="stmt"/>
        <line num="114" count="1" type="stmt"/>
        <line num="115" count="1" type="stmt"/>
        <line num="116" count="1" type="stmt"/>
        <line num="117" count="1" type="stmt"/>
        <line num="118" count="1" type="stmt"/>
        <line num="119" count="1" type="stmt"/>
        <line num="121" count="9" type="cond" truecount="0" falsecount="2"/>
        <line num="122" count="0" type="stmt"/>
        <line num="124" count="9" type="stmt"/>
        <line num="125" count="9" type="stmt"/>
        <line num="127" count="9" type="stmt"/>
        <line num="128" count="9" type="cond" truecount="1" falsecount="0"/>
        <line num="129" count="3" type="stmt"/>
        <line num="130" count="3" type="stmt"/>
        <line num="131" count="3" type="stmt"/>
        <line num="132" count="9" type="stmt"/>
        <line num="133" count="9" type="stmt"/>
        <line num="134" count="9" type="stmt"/>
        <line num="136" count="9" type="stmt"/>
        <line num="137" count="9" type="stmt"/>
        <line num="138" count="9" type="stmt"/>
        <line num="139" count="9" type="stmt"/>
        <line num="142" count="9" type="stmt"/>
        <line num="143" count="9" type="stmt"/>
        <line num="144" count="9" type="stmt"/>
        <line num="145" count="9" type="stmt"/>
        <line num="147" count="9" type="stmt"/>
        <line num="149" count="1" type="stmt"/>
      </file>
      <file name="CropCompare.tsx" path="/Users/ashish.rameshwalke/Documents/Smart Farm/Code/Smart-Farm-Field-Intelligence-Platform/frontend/src/components/Dashboard/CropCompare.tsx">
        <metrics statements="181" coveredstatements="181" conditionals="76" coveredconditionals="62" methods="15" coveredmethods="15"/>
        <line num="1" count="1" type="stmt"/>
        <line num="2" count="1" type="stmt"/>
        <line num="3" count="1" type="stmt"/>
        <line num="11" count="1" type="stmt"/>
        <line num="12" count="1" type="stmt"/>
        <line num="13" count="1" type="stmt"/>
        <line num="14" count="1" type="stmt"/>
        <line num="17" count="1" type="cond" truecount="7" falsecount="0"/>
        <line num="18" count="5" type="cond" truecount="0" falsecount="1"/>
        <line num="21" count="5" type="cond" truecount="0" falsecount="1"/>
        <line num="22" count="5" type="stmt"/>
        <line num="25" count="5" type="stmt"/>
        <line num="26" count="5" type="stmt"/>
        <line num="27" count="5" type="stmt"/>
        <line num="28" count="5" type="stmt"/>
        <line num="29" count="5" type="cond" truecount="0" falsecount="1"/>
        <line num="30" count="5" type="stmt"/>
        <line num="31" count="5" type="stmt"/>
        <line num="32" count="5" type="stmt"/>
        <line num="33" count="5" type="cond" truecount="0" falsecount="1"/>
        <line num="34" count="5" type="stmt"/>
        <line num="35" count="5" type="stmt"/>
        <line num="36" count="5" type="stmt"/>
        <line num="37" count="5" type="cond" truecount="0" falsecount="1"/>
        <line num="38" count="5" type="stmt"/>
        <line num="39" count="5" type="stmt"/>
        <line num="40" count="5" type="stmt"/>
        <line num="41" count="5" type="cond" truecount="0" falsecount="1"/>
        <line num="42" count="5" type="stmt"/>
        <line num="43" count="5" type="stmt"/>
        <line num="44" count="2" type="stmt"/>
        <line num="45" count="2" type="stmt"/>
        <line num="46" count="2" type="cond" truecount="0" falsecount="1"/>
        <line num="49" count="1" type="stmt"/>
        <line num="50" count="1" type="stmt"/>
        <line num="51" count="1" type="stmt"/>
        <line num="52" count="1" type="stmt"/>
        <line num="53" count="2" type="stmt"/>
        <line num="54" count="2" type="stmt"/>
        <line num="55" count="2" type="stmt"/>
        <line num="56" count="2" type="stmt"/>
        <line num="57" count="1" type="cond" truecount="1" falsecount="0"/>
        <line num="58" count="1" type="stmt"/>
        <line num="59" count="1" type="stmt"/>
        <line num="61" count="1" type="stmt"/>
        <line num="63" count="2" type="stmt"/>
        <line num="64" count="2" type="stmt"/>
        <line num="67" count="1" type="stmt"/>
        <line num="68" count="1" type="stmt"/>
        <line num="69" count="1" type="stmt"/>
        <line num="70" count="1" type="stmt"/>
        <line num="71" count="1" type="cond" truecount="1" falsecount="0"/>
        <line num="72" count="2" type="cond" truecount="3" falsecount="0"/>
        <line num="73" count="1" type="stmt"/>
        <line num="74" count="1" type="stmt"/>
        <line num="75" count="1" type="stmt"/>
        <line num="78" count="1" type="stmt"/>
        <line num="80" count="1" type="stmt"/>
        <line num="81" count="1" type="stmt"/>
        <line num="82" count="1" type="stmt"/>
        <line num="83" count="1" type="stmt"/>
        <line num="84" count="1" type="stmt"/>
        <line num="85" count="1" type="cond" truecount="2" falsecount="0"/>
        <line num="86" count="5" type="stmt"/>
        <line num="87" count="5" type="stmt"/>
        <line num="89" count="5" type="stmt"/>
        <line num="90" count="5" type="stmt"/>
        <line num="91" count="5" type="stmt"/>
        <line num="92" count="5" type="cond" truecount="2" falsecount="0"/>
        <line num="93" count="5" type="stmt"/>
        <line num="94" count="5" type="stmt"/>
        <line num="95" count="5" type="cond" truecount="1" falsecount="0"/>
        <line num="96" count="5" type="stmt"/>
        <line num="97" count="5" type="stmt"/>
        <line num="99" count="2" type="cond" truecount="0" falsecount="1"/>
        <line num="100" count="2" type="stmt"/>
        <line num="101" count="2" type="stmt"/>
        <line num="102" count="1" type="cond" truecount="1" falsecount="0"/>
        <line num="103" count="1" type="stmt"/>
        <line num="104" count="1" type="stmt"/>
        <line num="105" count="1" type="cond" truecount="2" falsecount="0"/>
        <line num="106" count="5" type="stmt"/>
        <line num="108" count="5" type="cond" truecount="2" falsecount="0"/>
        <line num="109" count="5" type="stmt"/>
        <line num="110" count="5" type="stmt"/>
        <line num="112" count="2" type="cond" truecount="0" falsecount="1"/>
        <line num="113" count="2" type="stmt"/>
        <line num="114" count="1" type="cond" truecount="1" falsecount="0"/>
        <line num="115" count="1" type="stmt"/>
        <line num="116" count="1" type="cond" truecount="2" falsecount="0"/>
        <line num="117" count="5" type="stmt"/>
        <line num="119" count="5" type="cond" truecount="2" falsecount="0"/>
        <line num="120" count="5" type="stmt"/>
        <line num="121" count="5" type="stmt"/>
        <line num="123" count="2" type="cond" truecount="0" falsecount="1"/>
        <line num="124" count="2" type="stmt"/>
        <line num="125" count="1" type="cond" truecount="1" falsecount="0"/>
        <line num="126" count="1" type="stmt"/>
        <line num="127" count="1" type="cond" truecount="2" falsecount="0"/>
        <line num="128" count="5" type="stmt"/>
        <line num="130" count="5" type="cond" truecount="2" falsecount="0"/>
        <line num="131" count="5" type="stmt"/>
        <line num="132" count="5" type="stmt"/>
        <line num="134" count="2" type="cond" truecount="0" falsecount="1"/>
        <line num="135" count="2" type="stmt"/>
        <line num="136" count="1" type="cond" truecount="1" falsecount="0"/>
        <line num="137" count="1" type="stmt"/>
        <line num="138" count="1" type="cond" truecount="2" falsecount="0"/>
        <line num="139" count="5" type="stmt"/>
        <line num="141" count="5" type="cond" truecount="2" falsecount="0"/>
        <line num="142" count="5" type="stmt"/>
        <line num="143" count="5" type="stmt"/>
        <line num="145" count="2" type="cond" truecount="0" falsecount="1"/>
        <line num="146" count="2" type="stmt"/>
        <line num="147" count="1" type="cond" truecount="1" falsecount="0"/>
        <line num="148" count="1" type="stmt"/>
        <line num="149" count="1" type="cond" truecount="2" falsecount="0"/>
        <line num="150" count="5" type="stmt"/>
        <line num="151" count="5" type="stmt"/>
        <line num="153" count="5" type="cond" truecount="2" falsecount="0"/>
        <line num="154" count="5" type="stmt"/>
        <line num="155" count="5" type="stmt"/>
        <line num="157" count="2" type="cond" truecount="0" falsecount="1"/>
        <line num="158" count="2" type="stmt"/>
        <line num="159" count="2" type="stmt"/>
        <line num="160" count="2" type="stmt"/>
        <line num="161" count="2" type="stmt"/>
        <line num="164" count="1" type="stmt"/>
        <line num="165" count="1" type="stmt"/>
        <line num="166" count="1" type="stmt"/>
        <line num="167" count="1" type="stmt"/>
        <line num="168" count="1" type="stmt"/>
        <line num="169" count="1" type="stmt"/>
        <line num="170" count="1" type="stmt"/>
        <line num="171" count="1" type="stmt"/>
        <line num="172" count="1" type="stmt"/>
        <line num="173" count="1" type="stmt"/>
        <line num="174" count="1" type="cond" truecount="1" falsecount="0"/>
        <line num="175" count="1" type="stmt"/>
        <line num="176" count="1" type="stmt"/>
        <line num="177" count="1" type="stmt"/>
        <line num="178" count="1" type="stmt"/>
        <line num="179" count="1" type="stmt"/>
        <line num="180" count="1" type="stmt"/>
        <line num="181" count="1" type="cond" truecount="2" falsecount="0"/>
        <line num="182" count="5" type="stmt"/>
        <line num="183" count="5" type="stmt"/>
        <line num="185" count="5" type="stmt"/>
        <line num="186" count="5" type="stmt"/>
        <line num="187" count="5" type="cond" truecount="2" falsecount="0"/>
        <line num="188" count="5" type="stmt"/>
        <line num="189" count="5" type="stmt"/>
        <line num="190" count="5" type="stmt"/>
        <line num="191" count="5" type="cond" truecount="2" falsecount="0"/>
        <line num="192" count="5" type="cond" truecount="2" falsecount="0"/>
        <line num="193" count="5" type="stmt"/>
        <line num="195" count="2" type="cond" truecount="1" falsecount="1"/>
        <line num="196" count="1" type="stmt"/>
        <line num="197" count="1" type="stmt"/>
        <line num="198" count="1" type="stmt"/>
        <line num="199" count="1" type="stmt"/>
        <line num="200" count="1" type="stmt"/>
        <line num="201" count="1" type="stmt"/>
        <line num="202" count="1" type="stmt"/>
        <line num="203" count="1" type="stmt"/>
        <line num="204" count="1" type="stmt"/>
        <line num="205" count="1" type="stmt"/>
        <line num="206" count="1" type="cond" truecount="1" falsecount="0"/>
        <line num="207" count="1" type="stmt"/>
        <line num="208" count="1" type="stmt"/>
        <line num="209" count="2" type="stmt"/>
        <line num="210" count="2" type="stmt"/>
        <line num="211" count="2" type="stmt"/>
        <line num="212" count="2" type="stmt"/>
        <line num="213" count="2" type="stmt"/>
        <line num="218" count="1" type="cond" truecount="1" falsecount="0"/>
        <line num="219" count="5" type="cond" truecount="2" falsecount="0"/>
        <line num="220" count="5" type="cond" truecount="2" falsecount="0"/>
        <line num="221" count="1" type="stmt"/>
        <line num="222" count="1" type="stmt"/>
        <line num="224" count="1" type="stmt"/>
      </file>
      <file name="CropSuitabilityCard.tsx" path="/Users/ashish.rameshwalke/Documents/Smart Farm/Code/Smart-Farm-Field-Intelligence-Platform/frontend/src/components/Dashboard/CropSuitabilityCard.tsx">
        <metrics statements="255" coveredstatements="248" conditionals="91" coveredconditionals="83" methods="13" coveredmethods="11"/>
        <line num="1" count="1" type="stmt"/>
        <line num="2" count="1" type="stmt"/>
        <line num="10" count="1" type="stmt"/>
        <line num="11" count="1" type="stmt"/>
        <line num="12" count="1" type="stmt"/>
        <line num="19" count="1" type="stmt"/>
        <line num="20" count="1" type="stmt"/>
        <line num="21" count="1" type="stmt"/>
        <line num="22" count="1" type="stmt"/>
        <line num="23" count="1" type="stmt"/>
        <line num="24" count="1" type="stmt"/>
        <line num="25" count="1" type="stmt"/>
        <line num="26" count="1" type="stmt"/>
        <line num="27" count="1" type="stmt"/>
        <line num="28" count="1" type="stmt"/>
        <line num="29" count="1" type="stmt"/>
        <line num="30" count="1" type="stmt"/>
        <line num="31" count="1" type="stmt"/>
        <line num="32" count="1" type="stmt"/>
        <line num="33" count="1" type="stmt"/>
        <line num="34" count="1" type="stmt"/>
        <line num="35" count="1" type="stmt"/>
        <line num="37" count="1" type="cond" truecount="1" falsecount="0"/>
        <line num="38" count="47" type="cond" truecount="1" falsecount="0"/>
        <line num="39" count="16" type="stmt"/>
        <line num="40" count="16" type="stmt"/>
        <line num="41" count="16" type="stmt"/>
        <line num="42" count="16" type="stmt"/>
        <line num="43" count="16" type="stmt"/>
        <line num="44" count="16" type="stmt"/>
        <line num="45" count="16" type="cond" truecount="1" falsecount="0"/>
        <line num="46" count="47" type="cond" truecount="1" falsecount="0"/>
        <line num="47" count="15" type="stmt"/>
        <line num="48" count="15" type="stmt"/>
        <line num="49" count="15" type="stmt"/>
        <line num="50" count="15" type="stmt"/>
        <line num="51" count="15" type="stmt"/>
        <line num="52" count="15" type="stmt"/>
        <line num="53" count="15" type="cond" truecount="1" falsecount="0"/>
        <line num="54" count="16" type="stmt"/>
        <line num="55" count="16" type="stmt"/>
        <line num="56" count="16" type="stmt"/>
        <line num="57" count="16" type="stmt"/>
        <line num="58" count="16" type="stmt"/>
        <line num="59" count="16" type="stmt"/>
        <line num="60" count="16" type="stmt"/>
        <line num="62" count="1" type="cond" truecount="1" falsecount="0"/>
        <line num="63" count="47" type="cond" truecount="0" falsecount="1"/>
        <line num="64" count="47" type="stmt"/>
        <line num="65" count="47" type="cond" truecount="2" falsecount="0"/>
        <line num="66" count="32" type="cond" truecount="2" falsecount="0"/>
        <line num="67" count="16" type="stmt"/>
        <line num="68" count="47" type="stmt"/>
        <line num="69" count="47" type="stmt"/>
        <line num="70" count="47" type="stmt"/>
        <line num="71" count="47" type="stmt"/>
        <line num="73" count="47" type="stmt"/>
        <line num="75" count="1" type="cond" truecount="2" falsecount="0"/>
        <line num="76" count="5" type="stmt"/>
        <line num="77" count="5" type="cond" truecount="2" falsecount="0"/>
        <line num="79" count="5" type="stmt"/>
        <line num="80" count="5" type="stmt"/>
        <line num="81" count="5" type="cond" truecount="2" falsecount="0"/>
        <line num="82" count="5" type="stmt"/>
        <line num="84" count="5" type="cond" truecount="1" falsecount="0"/>
        <line num="85" count="5" type="stmt"/>
        <line num="86" count="5" type="stmt"/>
        <line num="87" count="5" type="stmt"/>
        <line num="88" count="5" type="stmt"/>
        <line num="89" count="5" type="cond" truecount="3" falsecount="0"/>
        <line num="91" count="5" type="cond" truecount="3" falsecount="0"/>
        <line num="93" count="5" type="stmt"/>
        <line num="94" count="5" type="stmt"/>
        <line num="95" count="5" type="stmt"/>
        <line num="96" count="5" type="cond" truecount="1" falsecount="0"/>
        <line num="97" count="5" type="stmt"/>
        <line num="98" count="5" type="stmt"/>
        <line num="99" count="5" type="stmt"/>
        <line num="100" count="5" type="stmt"/>
        <line num="101" count="5" type="cond" truecount="1" falsecount="0"/>
        <line num="102" count="5" type="stmt"/>
        <line num="103" count="5" type="stmt"/>
        <line num="104" count="5" type="stmt"/>
        <line num="105" count="5" type="stmt"/>
        <line num="106" count="5" type="stmt"/>
        <line num="107" count="5" type="stmt"/>
        <line num="108" count="5" type="stmt"/>
        <line num="109" count="5" type="stmt"/>
        <line num="110" count="1" type="stmt"/>
        <line num="111" count="1" type="stmt"/>
        <line num="112" count="1" type="stmt"/>
        <line num="116" count="21" type="cond" truecount="3" falsecount="0"/>
        <line num="118" count="1" type="stmt"/>
        <line num="119" count="1" type="stmt"/>
        <line num="120" count="1" type="stmt"/>
        <line num="121" count="1" type="stmt"/>
        <line num="123" count="17" type="stmt"/>
        <line num="125" count="3" type="cond" truecount="1" falsecount="0"/>
        <line num="126" count="3" type="stmt"/>
        <line num="127" count="3" type="cond" truecount="1" falsecount="0"/>
        <line num="128" count="3" type="cond" truecount="1" falsecount="0"/>
        <line num="129" count="3" type="cond" truecount="0" falsecount="1"/>
        <line num="130" count="0" type="stmt"/>
        <line num="131" count="0" type="stmt"/>
        <line num="133" count="3" type="cond" truecount="0" falsecount="1"/>
        <line num="134" count="0" type="stmt"/>
        <line num="135" count="0" type="stmt"/>
        <line num="137" count="3" type="stmt"/>
        <line num="138" count="3" type="stmt"/>
        <line num="139" count="3" type="stmt"/>
        <line num="140" count="3" type="stmt"/>
        <line num="141" count="3" type="cond" truecount="2" falsecount="0"/>
        <line num="144" count="5" type="cond" truecount="1" falsecount="0"/>
        <line num="145" count="51" type="cond" truecount="2" falsecount="0"/>
        <line num="146" count="6" type="stmt"/>
        <line num="147" count="51" type="stmt"/>
        <line num="148" count="5" type="cond" truecount="2" falsecount="0"/>
        <line num="151" count="17" type="cond" truecount="1" falsecount="0"/>
        <line num="152" count="3" type="stmt"/>
        <line num="153" count="3" type="stmt"/>
        <line num="154" count="3" type="stmt"/>
        <line num="155" count="3" type="stmt"/>
        <line num="157" count="3" type="stmt"/>
        <line num="158" count="3" type="stmt"/>
        <line num="159" count="3" type="stmt"/>
        <line num="162" count="3" type="stmt"/>
        <line num="163" count="21" type="cond" truecount="4" falsecount="0"/>
        <line num="164" count="20" type="stmt"/>
        <line num="165" count="20" type="stmt"/>
        <line num="166" count="20" type="cond" truecount="1" falsecount="0"/>
        <line num="167" count="2" type="stmt"/>
        <line num="168" count="2" type="stmt"/>
        <line num="170" count="20" type="stmt"/>
        <line num="171" count="20" type="cond" truecount="2" falsecount="0"/>
        <line num="173" count="20" type="stmt"/>
        <line num="176" count="20" type="stmt"/>
        <line num="177" count="20" type="stmt"/>
        <line num="178" count="5" type="stmt"/>
        <line num="179" count="5" type="stmt"/>
        <line num="180" count="5" type="stmt"/>
        <line num="182" count="17" type="cond" truecount="0" falsecount="1"/>
        <line num="183" count="0" type="stmt"/>
        <line num="184" count="0" type="stmt"/>
        <line num="185" count="0" type="cond" truecount="1" falsecount="0"/>
        <line num="187" count="17" type="stmt"/>
        <line num="188" count="17" type="cond" truecount="1" falsecount="0"/>
        <line num="189" count="47" type="stmt"/>
        <line num="190" count="47" type="stmt"/>
        <line num="191" count="47" type="stmt"/>
        <line num="192" count="47" type="stmt"/>
        <line num="195" count="47" type="stmt"/>
        <line num="196" count="47" type="stmt"/>
        <line num="197" count="47" type="stmt"/>
        <line num="198" count="47" type="cond" truecount="2" falsecount="0"/>
        <line num="200" count="47" type="stmt"/>
        <line num="203" count="47" type="stmt"/>
        <line num="204" count="47" type="cond" truecount="3" falsecount="0"/>
        <line num="205" count="47" type="stmt"/>
        <line num="207" count="47" type="stmt"/>
        <line num="208" count="47" type="stmt"/>
        <line num="209" count="47" type="cond" truecount="1" falsecount="0"/>
        <line num="210" count="47" type="stmt"/>
        <line num="211" count="47" type="cond" truecount="2" falsecount="0"/>
        <line num="213" count="47" type="stmt"/>
        <line num="216" count="47" type="stmt"/>
        <line num="217" count="47" type="stmt"/>
        <line num="218" count="47" type="stmt"/>
        <line num="219" count="47" type="stmt"/>
        <line num="220" count="47" type="stmt"/>
        <line num="221" count="47" type="stmt"/>
        <line num="222" count="47" type="stmt"/>
        <line num="223" count="47" type="stmt"/>
        <line num="224" count="47" type="stmt"/>
        <line num="225" count="47" type="cond" truecount="1" falsecount="0"/>
        <line num="226" count="1" type="cond" truecount="1" falsecount="0"/>
        <line num="228" count="46" type="stmt"/>
        <line num="230" count="47" type="stmt"/>
        <line num="231" count="47" type="stmt"/>
        <line num="234" count="47" type="stmt"/>
        <line num="235" count="47" type="stmt"/>
        <line num="236" count="47" type="stmt"/>
        <line num="238" count="47" type="stmt"/>
        <line num="239" count="47" type="stmt"/>
        <line num="240" count="47" type="stmt"/>
        <line num="242" count="47" type="stmt"/>
        <line num="245" count="47" type="cond" truecount="1" falsecount="0"/>
        <line num="246" count="1" type="stmt"/>
        <line num="247" count="1" type="stmt"/>
        <line num="248" count="1" type="stmt"/>
        <line num="250" count="1" type="stmt"/>
        <line num="252" count="1" type="stmt"/>
        <line num="253" count="1" type="stmt"/>
        <line num="254" count="1" type="stmt"/>
        <line num="255" count="1" type="stmt"/>
        <line num="256" count="1" type="stmt"/>
        <line num="257" count="1" type="stmt"/>
        <line num="258" count="1" type="stmt"/>
        <line num="259" count="1" type="stmt"/>
        <line num="260" count="1" type="stmt"/>
        <line num="261" count="1" type="stmt"/>
        <line num="263" count="1" type="stmt"/>
        <line num="264" count="1" type="stmt"/>
        <line num="265" count="1" type="stmt"/>
        <line num="266" count="1" type="stmt"/>
        <line num="267" count="1" type="stmt"/>
        <line num="268" count="1" type="stmt"/>
        <line num="269" count="1" type="stmt"/>
        <line num="270" count="1" type="stmt"/>
        <line num="271" count="1" type="stmt"/>
        <line num="273" count="1" type="stmt"/>
        <line num="274" count="1" type="stmt"/>
        <line num="275" count="1" type="stmt"/>
        <line num="276" count="1" type="stmt"/>
        <line num="277" count="1" type="stmt"/>
        <line num="278" count="1" type="stmt"/>
        <line num="279" count="1" type="stmt"/>
        <line num="280" count="1" type="stmt"/>
        <line num="281" count="1" type="stmt"/>
        <line num="283" count="1" type="stmt"/>
        <line num="284" count="1" type="stmt"/>
        <line num="285" count="1" type="stmt"/>
        <line num="286" count="1" type="stmt"/>
        <line num="287" count="1" type="stmt"/>
        <line num="288" count="1" type="stmt"/>
        <line num="289" count="1" type="stmt"/>
        <line num="290" count="1" type="stmt"/>
        <line num="291" count="1" type="stmt"/>
        <line num="292" count="1" type="stmt"/>
        <line num="293" count="1" type="stmt"/>
        <line num="295" count="47" type="stmt"/>
        <line num="297" count="17" type="stmt"/>
        <line num="298" count="17" type="stmt"/>
        <line num="299" count="21" type="cond" truecount="1" falsecount="0"/>
        <line num="301" count="7" type="cond" truecount="1" falsecount="0"/>
        <line num="302" count="1" type="stmt"/>
        <line num="303" count="1" type="stmt"/>
        <line num="304" count="1" type="stmt"/>
        <line num="305" count="1" type="stmt"/>
        <line num="306" count="7" type="cond" truecount="5" falsecount="0"/>
        <line num="308" count="10" type="cond" truecount="1" falsecount="0"/>
        <line num="309" count="2" type="stmt"/>
        <line num="310" count="2" type="stmt"/>
        <line num="311" count="2" type="cond" truecount="1" falsecount="0"/>
        <line num="312" count="1" type="stmt"/>
        <line num="313" count="1" type="stmt"/>
        <line num="314" count="2" type="stmt"/>
        <line num="316" count="10" type="cond" truecount="4" falsecount="0"/>
        <line num="318" count="7" type="cond" truecount="1" falsecount="0"/>
        <line num="319" count="4" type="stmt"/>
        <line num="320" count="4" type="stmt"/>
        <line num="321" count="4" type="stmt"/>
        <line num="322" count="4" type="stmt"/>
        <line num="324" count="7" type="cond" truecount="3" falsecount="4"/>
        <line num="325" count="17" type="stmt"/>
        <line num="329" count="1" type="stmt"/>
      </file>
      <file name="FertilizerCard.tsx" path="/Users/ashish.rameshwalke/Documents/Smart Farm/Code/Smart-Farm-Field-Intelligence-Platform/frontend/src/components/Dashboard/FertilizerCard.tsx">
        <metrics statements="496" coveredstatements="462" conditionals="88" coveredconditionals="72" methods="11" coveredmethods="8"/>
        <line num="1" count="1" type="stmt"/>
        <line num="2" count="1" type="stmt"/>
        <line num="3" count="1" type="stmt"/>
        <line num="14" count="1" type="stmt"/>
        <line num="16" count="1" type="stmt"/>
        <line num="17" count="1" type="stmt"/>
        <line num="24" count="1" type="stmt"/>
        <line num="25" count="1" type="stmt"/>
        <line num="26" count="1" type="stmt"/>
        <line num="27" count="1" type="stmt"/>
        <line num="28" count="1" type="stmt"/>
        <line num="29" count="1" type="stmt"/>
        <line num="30" count="1" type="stmt"/>
        <line num="31" count="1" type="stmt"/>
        <line num="32" count="1" type="stmt"/>
        <line num="33" count="1" type="stmt"/>
        <line num="34" count="1" type="stmt"/>
        <line num="35" count="1" type="stmt"/>
        <line num="36" count="1" type="stmt"/>
        <line num="37" count="1" type="stmt"/>
        <line num="38" count="1" type="stmt"/>
        <line num="39" count="1" type="stmt"/>
        <line num="40" count="1" type="stmt"/>
        <line num="43" count="1" type="stmt"/>
        <line num="44" count="1" type="stmt"/>
        <line num="45" count="1" type="stmt"/>
        <line num="46" count="1" type="stmt"/>
        <line num="47" count="1" type="stmt"/>
        <line num="49" count="1" type="cond" truecount="1" falsecount="0"/>
        <line num="50" count="35" type="stmt"/>
        <line num="52" count="35" type="stmt"/>
        <line num="53" count="35" type="stmt"/>
        <line num="54" count="35" type="stmt"/>
        <line num="57" count="35" type="stmt"/>
        <line num="58" count="35" type="stmt"/>
        <line num="59" count="35" type="stmt"/>
        <line num="60" count="35" type="stmt"/>
        <line num="63" count="35" type="stmt"/>
        <line num="64" count="35" type="stmt"/>
        <line num="65" count="35" type="stmt"/>
        <line num="66" count="35" type="stmt"/>
        <line num="67" count="35" type="stmt"/>
        <line num="70" count="35" type="cond" truecount="1" falsecount="0"/>
        <line num="71" count="9" type="cond" truecount="4" falsecount="0"/>
        <line num="72" count="5" type="stmt"/>
        <line num="73" count="5" type="stmt"/>
        <line num="74" count="5" type="stmt"/>
        <line num="75" count="5" type="stmt"/>
        <line num="76" count="5" type="stmt"/>
        <line num="77" count="5" type="stmt"/>
        <line num="78" count="5" type="stmt"/>
        <line num="79" count="35" type="stmt"/>
        <line num="82" count="35" type="cond" truecount="1" falsecount="0"/>
        <line num="83" count="8" type="stmt"/>
        <line num="84" count="8" type="stmt"/>
        <line num="85" count="8" type="stmt"/>
        <line num="86" count="8" type="cond" truecount="1" falsecount="0"/>
        <line num="87" count="8" type="stmt"/>
        <line num="88" count="8" type="stmt"/>
        <line num="89" count="8" type="stmt"/>
        <line num="90" count="8" type="stmt"/>
        <line num="91" count="8" type="cond" truecount="0" falsecount="1"/>
        <line num="92" count="0" type="stmt"/>
        <line num="93" count="0" type="stmt"/>
        <line num="94" count="8" type="stmt"/>
        <line num="97" count="35" type="cond" truecount="1" falsecount="0"/>
        <line num="98" count="6" type="cond" truecount="3" falsecount="0"/>
        <line num="99" count="1" type="stmt"/>
        <line num="100" count="1" type="stmt"/>
        <line num="101" count="6" type="cond" truecount="2" falsecount="0"/>
        <line num="102" count="1" type="stmt"/>
        <line num="103" count="1" type="cond" truecount="0" falsecount="1"/>
        <line num="104" count="1" type="stmt"/>
        <line num="105" count="1" type="stmt"/>
        <line num="106" count="1" type="stmt"/>
        <line num="107" count="6" type="cond" truecount="0" falsecount="1"/>
        <line num="108" count="0" type="stmt"/>
        <line num="109" count="0" type="stmt"/>
        <line num="110" count="0" type="stmt"/>
        <line num="111" count="6" type="cond" truecount="0" falsecount="1"/>
        <line num="112" count="0" type="stmt"/>
        <line num="113" count="0" type="stmt"/>
        <line num="114" count="0" type="stmt"/>
        <line num="115" count="6" type="stmt"/>
        <line num="118" count="35" type="cond" truecount="1" falsecount="0"/>
        <line num="119" count="5" type="stmt"/>
        <line num="120" count="5" type="stmt"/>
        <line num="121" count="5" type="stmt"/>
        <line num="123" count="5" type="stmt"/>
        <line num="124" count="5" type="cond" truecount="1" falsecount="0"/>
        <line num="125" count="3" type="stmt"/>
        <line num="126" count="3" type="stmt"/>
        <line num="127" count="3" type="stmt"/>
        <line num="128" count="3" type="stmt"/>
        <line num="130" count="5" type="stmt"/>
        <line num="131" count="5" type="stmt"/>
        <line num="132" count="5" type="stmt"/>
        <line num="133" count="5" type="stmt"/>
        <line num="134" count="5" type="cond" truecount="2" falsecount="0"/>
        <line num="135" count="2" type="stmt"/>
        <line num="136" count="2" type="stmt"/>
        <line num="137" count="2" type="stmt"/>
        <line num="138" count="2" type="stmt"/>
        <line num="139" count="5" type="cond" truecount="0" falsecount="1"/>
        <line num="140" count="0" type="stmt"/>
        <line num="141" count="0" type="stmt"/>
        <line num="142" count="5" type="cond" truecount="0" falsecount="1"/>
        <line num="143" count="0" type="stmt"/>
        <line num="144" count="0" type="stmt"/>
        <line num="145" count="5" type="stmt"/>
        <line num="146" count="5" type="stmt"/>
        <line num="147" count="5" type="stmt"/>
        <line num="148" count="5" type="stmt"/>
        <line num="149" count="5" type="stmt"/>
        <line num="151" count="35" type="cond" truecount="1" falsecount="0"/>
        <line num="152" count="8" type="stmt"/>
        <line num="153" count="8" type="stmt"/>
        <line num="154" count="8" type="cond" truecount="1" falsecount="0"/>
        <line num="155" count="6" type="stmt"/>
        <line num="156" count="6" type="stmt"/>
        <line num="157" count="8" type="stmt"/>
        <line num="158" count="35" type="stmt"/>
        <line num="160" count="35" type="cond" truecount="1" falsecount="0"/>
        <line num="162" count="9" type="cond" truecount="4" falsecount="0"/>
        <line num="163" count="4" type="stmt"/>
        <line num="164" count="4" type="stmt"/>
        <line num="165" count="35" type="stmt"/>
        <line num="167" count="35" type="cond" truecount="1" falsecount="0"/>
        <line num="168" count="1" type="stmt"/>
        <line num="169" count="1" type="stmt"/>
        <line num="170" count="1" type="stmt"/>
        <line num="172" count="35" type="cond" truecount="1" falsecount="0"/>
        <line num="174" count="35" type="cond" truecount="1" falsecount="0"/>
        <line num="175" count="2" type="stmt"/>
        <line num="176" count="2" type="stmt"/>
        <line num="177" count="2" type="stmt"/>
        <line num="178" count="2" type="stmt"/>
        <line num="179" count="2" type="stmt"/>
        <line num="180" count="2" type="stmt"/>
        <line num="181" count="2" type="stmt"/>
        <line num="182" count="2" type="stmt"/>
        <line num="183" count="2" type="stmt"/>
        <line num="184" count="2" type="stmt"/>
        <line num="185" count="2" type="stmt"/>
        <line num="186" count="2" type="stmt"/>
        <line num="187" count="2" type="stmt"/>
        <line num="188" count="2" type="stmt"/>
        <line num="189" count="2" type="stmt"/>
        <line num="190" count="2" type="stmt"/>
        <line num="192" count="2" type="cond" truecount="1" falsecount="0"/>
        <line num="195" count="35" type="cond" truecount="0" falsecount="1"/>
        <line num="198" count="35" type="stmt"/>
        <line num="199" count="35" type="stmt"/>
        <line num="200" count="35" type="stmt"/>
        <line num="203" count="35" type="stmt"/>
        <line num="204" count="35" type="stmt"/>
        <line num="205" count="35" type="stmt"/>
        <line num="208" count="35" type="stmt"/>
        <line num="209" count="35" type="stmt"/>
        <line num="210" count="35" type="stmt"/>
        <line num="213" count="35" type="stmt"/>
        <line num="214" count="35" type="stmt"/>
        <line num="216" count="35" type="stmt"/>
        <line num="217" count="35" type="stmt"/>
        <line num="219" count="35" type="stmt"/>
        <line num="220" count="35" type="stmt"/>
        <line num="223" count="35" type="cond" truecount="2" falsecount="0"/>
        <line num="226" count="35" type="stmt"/>
        <line num="227" count="35" type="cond" truecount="2" falsecount="0"/>
        <line num="228" count="84" type="stmt"/>
        <line num="229" count="84" type="stmt"/>
        <line num="230" count="84" type="stmt"/>
        <line num="231" count="84" type="stmt"/>
        <line num="232" count="84" type="stmt"/>
        <line num="233" count="84" type="stmt"/>
        <line num="234" count="84" type="stmt"/>
        <line num="235" count="84" type="stmt"/>
        <line num="236" count="84" type="stmt"/>
        <line num="237" count="84" type="stmt"/>
        <line num="238" count="84" type="stmt"/>
        <line num="239" count="84" type="stmt"/>
        <line num="240" count="84" type="stmt"/>
        <line num="241" count="84" type="cond" truecount="0" falsecount="1"/>
        <line num="242" count="0" type="stmt"/>
        <line num="243" count="0" type="stmt"/>
        <line num="244" count="0" type="stmt"/>
        <line num="245" count="0" type="stmt"/>
        <line num="246" count="0" type="stmt"/>
        <line num="247" count="0" type="stmt"/>
        <line num="248" count="0" type="stmt"/>
        <line num="249" count="35" type="cond" truecount="1" falsecount="0"/>
        <line num="251" count="35" type="stmt"/>
        <line num="253" count="35" type="stmt"/>
        <line num="254" count="35" type="stmt"/>
        <line num="256" count="35" type="stmt"/>
        <line num="257" count="35" type="stmt"/>
        <line num="258" count="35" type="stmt"/>
        <line num="259" count="35" type="stmt"/>
        <line num="261" count="35" type="stmt"/>
        <line num="262" count="35" type="cond" truecount="2" falsecount="0"/>
        <line num="263" count="35" type="stmt"/>
        <line num="266" count="35" type="stmt"/>
        <line num="267" count="35" type="cond" truecount="2" falsecount="0"/>
        <line num="268" count="35" type="stmt"/>
        <line num="270" count="35" type="cond" truecount="1" falsecount="0"/>
        <line num="271" count="18" type="stmt"/>
        <line num="272" count="18" type="stmt"/>
        <line num="273" count="18" type="stmt"/>
        <line num="274" count="18" type="cond" truecount="1" falsecount="0"/>
        <line num="276" count="15" type="stmt"/>
        <line num="277" count="15" type="stmt"/>
        <line num="278" count="15" type="stmt"/>
        <line num="279" count="15" type="stmt"/>
        <line num="281" count="35" type="stmt"/>
        <line num="282" count="35" type="stmt"/>
        <line num="285" count="35" type="stmt"/>
        <line num="287" count="35" type="stmt"/>
        <line num="288" count="35" type="stmt"/>
        <line num="289" count="35" type="stmt"/>
        <line num="290" count="35" type="stmt"/>
        <line num="291" count="35" type="cond" truecount="1" falsecount="0"/>
        <line num="292" count="35" type="stmt"/>
        <line num="294" count="35" type="cond" truecount="1" falsecount="0"/>
        <line num="295" count="495" type="stmt"/>
        <line num="296" count="495" type="stmt"/>
        <line num="297" count="495" type="stmt"/>
        <line num="298" count="35" type="stmt"/>
        <line num="299" count="35" type="stmt"/>
        <line num="300" count="35" type="stmt"/>
        <line num="303" count="35" type="stmt"/>
        <line num="304" count="35" type="stmt"/>
        <line num="305" count="35" type="stmt"/>
        <line num="306" count="35" type="cond" truecount="1" falsecount="0"/>
        <line num="307" count="18" type="stmt"/>
        <line num="308" count="18" type="stmt"/>
        <line num="309" count="18" type="stmt"/>
        <line num="311" count="35" type="stmt"/>
        <line num="312" count="35" type="stmt"/>
        <line num="313" count="35" type="stmt"/>
        <line num="314" count="35" type="stmt"/>
        <line num="315" count="35" type="stmt"/>
        <line num="316" count="35" type="stmt"/>
        <line num="317" count="35" type="cond" truecount="1" falsecount="0"/>
        <line num="318" count="35" type="stmt"/>
        <line num="319" count="35" type="cond" truecount="2" falsecount="0"/>
        <line num="320" count="35" type="stmt"/>
        <line num="322" count="35" type="stmt"/>
        <line num="325" count="35" type="stmt"/>
        <line num="326" count="35" type="stmt"/>
        <line num="327" count="35" type="stmt"/>
        <line num="328" count="35" type="cond" truecount="1" falsecount="0"/>
        <line num="329" count="18" type="stmt"/>
        <line num="330" count="18" type="stmt"/>
        <line num="331" count="18" type="stmt"/>
        <line num="333" count="35" type="stmt"/>
        <line num="334" count="35" type="stmt"/>
        <line num="335" count="35" type="stmt"/>
        <line num="336" count="35" type="stmt"/>
        <line num="337" count="35" type="stmt"/>
        <line num="338" count="35" type="stmt"/>
        <line num="339" count="35" type="stmt"/>
        <line num="340" count="35" type="stmt"/>
        <line num="341" count="35" type="cond" truecount="2" falsecount="0"/>
        <line num="342" count="35" type="stmt"/>
        <line num="344" count="35" type="stmt"/>
        <line num="347" count="35" type="stmt"/>
        <line num="348" count="35" type="stmt"/>
        <line num="349" count="35" type="stmt"/>
        <line num="350" count="35" type="cond" truecount="1" falsecount="0"/>
        <line num="351" count="18" type="stmt"/>
        <line num="352" count="18" type="stmt"/>
        <line num="353" count="18" type="stmt"/>
        <line num="355" count="35" type="stmt"/>
        <line num="356" count="35" type="stmt"/>
        <line num="357" count="35" type="stmt"/>
        <line num="358" count="35" type="stmt"/>
        <line num="359" count="35" type="stmt"/>
        <line num="360" count="35" type="stmt"/>
        <line num="361" count="35" type="stmt"/>
        <line num="362" count="35" type="stmt"/>
        <line num="363" count="35" type="stmt"/>
        <line num="364" count="35" type="cond" truecount="2" falsecount="0"/>
        <line num="365" count="35" type="stmt"/>
        <line num="367" count="35" type="stmt"/>
        <line num="368" count="35" type="stmt"/>
        <line num="369" count="35" type="stmt"/>
        <line num="370" count="35" type="stmt"/>
        <line num="371" count="35" type="stmt"/>
        <line num="373" count="35" type="cond" truecount="1" falsecount="0"/>
        <line num="374" count="6" type="cond" truecount="1" falsecount="0"/>
        <line num="376" count="27" type="stmt"/>
        <line num="378" count="35" type="stmt"/>
        <line num="379" count="35" type="stmt"/>
        <line num="380" count="35" type="stmt"/>
        <line num="381" count="35" type="stmt"/>
        <line num="383" count="35" type="cond" truecount="0" falsecount="1"/>
        <line num="384" count="0" type="stmt"/>
        <line num="385" count="0" type="stmt"/>
        <line num="386" count="0" type="stmt"/>
        <line num="387" count="0" type="stmt"/>
        <line num="388" count="0" type="stmt"/>
        <line num="389" count="0" type="stmt"/>
        <line num="390" count="0" type="stmt"/>
        <line num="392" count="0" type="stmt"/>
        <line num="394" count="0" type="stmt"/>
        <line num="395" count="0" type="cond" truecount="1" falsecount="0"/>
        <line num="397" count="33" type="stmt"/>
        <line num="399" count="33" type="cond" truecount="3" falsecount="0"/>
        <line num="400" count="28" type="stmt"/>
        <line num="401" count="28" type="cond" truecount="1" falsecount="0"/>
        <line num="402" count="28" type="stmt"/>
        <line num="403" count="28" type="stmt"/>
        <line num="404" count="28" type="cond" truecount="0" falsecount="1"/>
        <line num="405" count="0" type="stmt"/>
        <line num="406" count="28" type="stmt"/>
        <line num="407" count="28" type="cond" truecount="0" falsecount="1"/>
        <line num="408" count="0" type="stmt"/>
        <line num="409" count="28" type="stmt"/>
        <line num="410" count="28" type="stmt"/>
        <line num="411" count="28" type="cond" truecount="0" falsecount="2"/>
        <line num="412" count="28" type="stmt"/>
        <line num="413" count="28" type="stmt"/>
        <line num="415" count="28" type="stmt"/>
        <line num="416" count="28" type="stmt"/>
        <line num="419" count="33" type="stmt"/>
        <line num="422" count="33" type="stmt"/>
        <line num="425" count="33" type="stmt"/>
        <line num="426" count="33" type="stmt"/>
        <line num="427" count="33" type="stmt"/>
        <line num="429" count="33" type="stmt"/>
        <line num="432" count="33" type="stmt"/>
        <line num="433" count="33" type="stmt"/>
        <line num="434" count="33" type="stmt"/>
        <line num="435" count="33" type="stmt"/>
        <line num="436" count="33" type="stmt"/>
        <line num="437" count="33" type="stmt"/>
        <line num="438" count="33" type="stmt"/>
        <line num="439" count="33" type="stmt"/>
        <line num="440" count="33" type="cond" truecount="1" falsecount="0"/>
        <line num="441" count="29" type="stmt"/>
        <line num="442" count="29" type="stmt"/>
        <line num="443" count="29" type="stmt"/>
        <line num="444" count="29" type="stmt"/>
        <line num="445" count="29" type="stmt"/>
        <line num="447" count="33" type="stmt"/>
        <line num="448" count="33" type="stmt"/>
[...]
        <line num="292" count="112" type="stmt"/>
        <line num="293" count="112" type="cond" truecount="1" falsecount="0"/>
        <line num="294" count="32" type="cond" truecount="1" falsecount="0"/>
        <line num="295" count="80" type="cond" truecount="1" falsecount="0"/>
        <line num="296" count="73" type="cond" truecount="1" falsecount="0"/>
        <line num="297" count="7" type="cond" truecount="1" falsecount="0"/>
        <line num="298" count="1" type="cond" truecount="1" falsecount="0"/>
        <line num="299" count="6" type="stmt"/>
        <line num="300" count="112" type="stmt"/>
        <line num="302" count="112" type="stmt"/>
        <line num="303" count="112" type="stmt"/>
        <line num="304" count="112" type="stmt"/>
        <line num="306" count="189" type="stmt"/>
        <line num="309" count="189" type="stmt"/>
        <line num="310" count="189" type="stmt"/>
        <line num="312" count="189" type="stmt"/>
        <line num="313" count="189" type="stmt"/>
        <line num="314" count="189" type="stmt"/>
        <line num="315" count="189" type="stmt"/>
        <line num="316" count="189" type="stmt"/>
        <line num="317" count="189" type="stmt"/>
        <line num="318" count="189" type="cond" truecount="1" falsecount="0"/>
        <line num="319" count="42" type="cond" truecount="1" falsecount="0"/>
        <line num="320" count="147" type="cond" truecount="2" falsecount="0"/>
        <line num="321" count="9" type="cond" truecount="1" falsecount="0"/>
        <line num="322" count="138" type="stmt"/>
        <line num="324" count="189" type="stmt"/>
        <line num="325" count="189" type="cond" truecount="1" falsecount="0"/>
        <line num="326" count="44" type="stmt"/>
        <line num="327" count="44" type="stmt"/>
        <line num="328" count="44" type="stmt"/>
        <line num="329" count="189" type="cond" truecount="1" falsecount="0"/>
        <line num="330" count="189" type="stmt"/>
        <line num="332" count="189" type="stmt"/>
        <line num="333" count="189" type="cond" truecount="1" falsecount="0"/>
        <line num="334" count="42" type="stmt"/>
        <line num="335" count="42" type="stmt"/>
        <line num="336" count="42" type="stmt"/>
        <line num="338" count="189" type="cond" truecount="1" falsecount="0"/>
        <line num="339" count="51" type="cond" truecount="1" falsecount="0"/>
        <line num="340" count="9" type="cond" truecount="1" falsecount="0"/>
        <line num="341" count="9" type="stmt"/>
        <line num="343" count="189" type="stmt"/>
        <line num="346" count="189" type="stmt"/>
        <line num="347" count="189" type="stmt"/>
        <line num="348" count="189" type="stmt"/>
        <line num="349" count="189" type="stmt"/>
        <line num="351" count="189" type="cond" truecount="1" falsecount="0"/>
        <line num="352" count="2" type="cond" truecount="1" falsecount="0"/>
        <line num="354" count="187" type="stmt"/>
        <line num="355" count="187" type="stmt"/>
        <line num="357" count="187" type="stmt"/>
        <line num="359" count="189" type="stmt"/>
        <line num="360" count="189" type="stmt"/>
        <line num="363" count="189" type="stmt"/>
        <line num="364" count="189" type="stmt"/>
        <line num="365" count="189" type="stmt"/>
        <line num="366" count="189" type="stmt"/>
        <line num="367" count="189" type="stmt"/>
        <line num="370" count="189" type="stmt"/>
        <line num="371" count="189" type="stmt"/>
        <line num="372" count="189" type="stmt"/>
        <line num="373" count="189" type="stmt"/>
        <line num="375" count="189" type="stmt"/>
        <line num="377" count="1" type="stmt"/>
      </file>
    </package>
    <package name="frontend.src.services">
      <metrics statements="45" coveredstatements="11" conditionals="1" coveredconditionals="0" methods="1" coveredmethods="0"/>
      <file name="api.ts" path="/Users/ashish.rameshwalke/Documents/Smart Farm/Code/Smart-Farm-Field-Intelligence-Platform/frontend/src/services/api.ts">
        <metrics statements="23" coveredstatements="11" conditionals="0" coveredconditionals="0" methods="0" coveredmethods="0"/>
        <line num="1" count="1" type="stmt"/>
        <line num="3" count="1" type="stmt"/>
        <line num="5" count="1" type="stmt"/>
        <line num="6" count="1" type="stmt"/>
        <line num="7" count="1" type="stmt"/>
        <line num="8" count="1" type="stmt"/>
        <line num="10" count="1" type="stmt"/>
        <line num="11" count="0" type="stmt"/>
        <line num="13" count="0" type="stmt"/>
        <line num="14" count="0" type="stmt"/>
        <line num="15" count="0" type="stmt"/>
        <line num="17" count="0" type="stmt"/>
        <line num="18" count="0" type="stmt"/>
        <line num="20" count="1" type="stmt"/>
        <line num="21" count="1" type="stmt"/>
        <line num="22" count="1" type="stmt"/>
        <line num="23" count="0" type="stmt"/>
        <line num="24" count="0" type="stmt"/>
        <line num="25" count="0" type="stmt"/>
        <line num="26" count="0" type="stmt"/>
        <line num="27" count="0" type="stmt"/>
        <line num="28" count="0" type="stmt"/>
        <line num="30" count="1" type="stmt"/>
      </file>
      <file name="authService.ts" path="/Users/ashish.rameshwalke/Documents/Smart Farm/Code/Smart-Farm-Field-Intelligence-Platform/frontend/src/services/authService.ts">
        <metrics statements="22" coveredstatements="0" conditionals="1" coveredconditionals="0" methods="1" coveredmethods="0"/>
        <line num="1" count="0" type="cond" truecount="0" falsecount="1"/>
        <line num="2" count="0" type="stmt"/>
        <line num="3" count="0" type="stmt"/>
        <line num="4" count="0" type="stmt"/>
        <line num="5" count="0" type="stmt"/>
        <line num="6" count="0" type="stmt"/>
        <line num="7" count="0" type="stmt"/>
        <line num="8" count="0" type="stmt"/>
        <line num="9" count="0" type="stmt"/>
        <line num="10" count="0" type="stmt"/>
        <line num="11" count="0" type="stmt"/>
        <line num="12" count="0" type="stmt"/>
        <line num="13" count="0" type="stmt"/>
        <line num="14" count="0" type="stmt"/>
        <line num="15" count="0" type="stmt"/>
        <line num="16" count="0" type="stmt"/>
        <line num="17" count="0" type="stmt"/>
        <line num="18" count="0" type="stmt"/>
        <line num="19" count="0" type="stmt"/>
        <line num="20" count="0" type="stmt"/>
        <line num="21" count="0" type="stmt"/>
        <line num="22" count="0" type="stmt"/>
      </file>
    </package>
    <package name="frontend.src.types">
      <metrics statements="238" coveredstatements="0" conditionals="2" coveredconditionals="0" methods="2" coveredmethods="0"/>
      <file name="auth.ts" path="/Users/ashish.rameshwalke/Documents/Smart Farm/Code/Smart-Farm-Field-Intelligence-Platform/frontend/src/types/auth.ts">
        <metrics statements="1" coveredstatements="0" conditionals="1" coveredconditionals="0" methods="1" coveredmethods="0"/>
        <line num="1" count="0" type="cond" truecount="0" falsecount="1"/>
      </file>
      <file name="index.ts" path="/Users/ashish.rameshwalke/Documents/Smart Farm/Code/Smart-Farm-Field-Intelligence-Platform/frontend/src/types/index.ts">
        <metrics statements="237" coveredstatements="0" conditionals="1" coveredconditionals="0" methods="1" coveredmethods="0"/>
        <line num="1" count="0" type="cond" truecount="0" falsecount="1"/>
        <line num="2" count="0" type="stmt"/>
        <line num="3" count="0" type="stmt"/>
        <line num="4" count="0" type="stmt"/>
        <line num="5" count="0" type="stmt"/>
        <line num="6" count="0" type="stmt"/>
        <line num="7" count="0" type="stmt"/>
        <line num="8" count="0" type="stmt"/>
        <line num="9" count="0" type="stmt"/>
        <line num="10" count="0" type="stmt"/>
        <line num="11" count="0" type="stmt"/>
        <line num="12" count="0" type="stmt"/>
        <line num="13" count="0" type="stmt"/>
        <line num="14" count="0" type="stmt"/>
        <line num="15" count="0" type="stmt"/>
        <line num="16" count="0" type="stmt"/>
        <line num="17" count="0" type="stmt"/>
        <line num="18" count="0" type="stmt"/>
        <line num="19" count="0" type="stmt"/>
        <line num="20" count="0" type="stmt"/>
        <line num="21" count="0" type="stmt"/>
        <line num="22" count="0" type="stmt"/>
        <line num="23" count="0" type="stmt"/>
        <line num="24" count="0" type="stmt"/>
        <line num="25" count="0" type="stmt"/>
        <line num="26" count="0" type="stmt"/>
        <line num="27" count="0" type="stmt"/>
        <line num="28" count="0" type="stmt"/>
        <line num="29" count="0" type="stmt"/>
        <line num="30" count="0" type="stmt"/>
        <line num="31" count="0" type="stmt"/>
        <line num="32" count="0" type="stmt"/>
        <line num="33" count="0" type="stmt"/>
        <line num="34" count="0" type="stmt"/>
        <line num="35" count="0" type="stmt"/>
        <line num="36" count="0" type="stmt"/>
        <line num="37" count="0" type="stmt"/>
        <line num="38" count="0" type="stmt"/>
        <line num="39" count="0" type="stmt"/>
        <line num="40" count="0" type="stmt"/>
        <line num="41" count="0" type="stmt"/>
        <line num="42" count="0" type="stmt"/>
        <line num="43" count="0" type="stmt"/>
        <line num="44" count="0" type="stmt"/>
        <line num="45" count="0" type="stmt"/>
        <line num="46" count="0" type="stmt"/>
        <line num="47" count="0" type="stmt"/>
        <line num="48" count="0" type="stmt"/>
        <line num="49" count="0" type="stmt"/>
        <line num="50" count="0" type="stmt"/>
        <line num="51" count="0" type="stmt"/>
        <line num="52" count="0" type="stmt"/>
        <line num="53" count="0" type="stmt"/>
        <line num="54" count="0" type="stmt"/>
        <line num="55" count="0" type="stmt"/>
        <line num="56" count="0" type="stmt"/>
        <line num="57" count="0" type="stmt"/>
        <line num="58" count="0" type="stmt"/>
        <line num="59" count="0" type="stmt"/>
        <line num="60" count="0" type="stmt"/>
        <line num="61" count="0" type="stmt"/>
        <line num="62" count="0" type="stmt"/>
        <line num="63" count="0" type="stmt"/>
        <line num="64" count="0" type="stmt"/>
        <line num="65" count="0" type="stmt"/>
        <line num="66" count="0" type="stmt"/>
        <line num="67" count="0" type="stmt"/>
        <line num="68" count="0" type="stmt"/>
        <line num="69" count="0" type="stmt"/>
        <line num="70" count="0" type="stmt"/>
        <line num="71" count="0" type="stmt"/>
        <line num="72" count="0" type="stmt"/>
        <line num="73" count="0" type="stmt"/>
        <line num="74" count="0" type="stmt"/>
        <line num="75" count="0" type="stmt"/>
        <line num="76" count="0" type="stmt"/>
        <line num="77" count="0" type="stmt"/>
        <line num="78" count="0" type="stmt"/>
        <line num="79" count="0" type="stmt"/>
        <line num="80" count="0" type="stmt"/>
        <line num="81" count="0" type="stmt"/>
        <line num="82" count="0" type="stmt"/>
        <line num="83" count="0" type="stmt"/>
        <line num="84" count="0" type="stmt"/>
        <line num="85" count="0" type="stmt"/>
        <line num="86" count="0" type="stmt"/>
        <line num="87" count="0" type="stmt"/>
        <line num="88" count="0" type="stmt"/>
        <line num="89" count="0" type="stmt"/>
        <line num="90" count="0" type="stmt"/>
        <line num="91" count="0" type="stmt"/>
        <line num="92" count="0" type="stmt"/>
        <line num="93" count="0" type="stmt"/>
        <line num="94" count="0" type="stmt"/>
        <line num="95" count="0" type="stmt"/>
        <line num="96" count="0" type="stmt"/>
        <line num="97" count="0" type="stmt"/>
        <line num="98" count="0" type="stmt"/>
        <line num="99" count="0" type="stmt"/>
        <line num="100" count="0" type="stmt"/>
        <line num="101" count="0" type="stmt"/>
        <line num="102" count="0" type="stmt"/>
        <line num="103" count="0" type="stmt"/>
        <line num="104" count="0" type="stmt"/>
        <line num="105" count="0" type="stmt"/>
        <line num="106" count="0" type="stmt"/>
        <line num="107" count="0" type="stmt"/>
        <line num="108" count="0" type="stmt"/>
        <line num="109" count="0" type="stmt"/>
        <line num="110" count="0" type="stmt"/>
        <line num="111" count="0" type="stmt"/>
        <line num="112" count="0" type="stmt"/>
        <line num="113" count="0" type="stmt"/>
        <line num="114" count="0" type="stmt"/>
        <line num="115" count="0" type="stmt"/>
        <line num="116" count="0" type="stmt"/>
        <line num="117" count="0" type="stmt"/>
        <line num="118" count="0" type="stmt"/>
        <line num="119" count="0" type="stmt"/>
        <line num="120" count="0" type="stmt"/>
        <line num="121" count="0" type="stmt"/>
        <line num="122" count="0" type="stmt"/>
        <line num="123" count="0" type="stmt"/>
        <line num="124" count="0" type="stmt"/>
        <line num="125" count="0" type="stmt"/>
        <line num="126" count="0" type="stmt"/>
        <line num="127" count="0" type="stmt"/>
        <line num="128" count="0" type="stmt"/>
        <line num="129" count="0" type="stmt"/>
        <line num="130" count="0" type="stmt"/>
        <line num="131" count="0" type="stmt"/>
        <line num="132" count="0" type="stmt"/>
        <line num="133" count="0" type="stmt"/>
        <line num="134" count="0" type="stmt"/>
        <line num="135" count="0" type="stmt"/>
        <line num="136" count="0" type="stmt"/>
        <line num="137" count="0" type="stmt"/>
        <line num="138" count="0" type="stmt"/>
        <line num="139" count="0" type="stmt"/>
        <line num="140" count="0" type="stmt"/>
        <line num="141" count="0" type="stmt"/>
        <line num="142" count="0" type="stmt"/>
        <line num="143" count="0" type="stmt"/>
        <line num="144" count="0" type="stmt"/>
        <line num="145" count="0" type="stmt"/>
        <line num="146" count="0" type="stmt"/>
        <line num="147" count="0" type="stmt"/>
        <line num="148" count="0" type="stmt"/>
        <line num="149" count="0" type="stmt"/>
        <line num="150" count="0" type="stmt"/>
        <line num="151" count="0" type="stmt"/>
        <line num="152" count="0" type="stmt"/>
        <line num="153" count="0" type="stmt"/>
        <line num="154" count="0" type="stmt"/>
        <line num="155" count="0" type="stmt"/>
        <line num="156" count="0" type="stmt"/>
        <line num="157" count="0" type="stmt"/>
        <line num="158" count="0" type="stmt"/>
        <line num="159" count="0" type="stmt"/>
        <line num="160" count="0" type="stmt"/>
        <line num="161" count="0" type="stmt"/>
        <line num="162" count="0" type="stmt"/>
        <line num="163" count="0" type="stmt"/>
        <line num="164" count="0" type="stmt"/>
        <line num="165" count="0" type="stmt"/>
        <line num="166" count="0" type="stmt"/>
        <line num="167" count="0" type="stmt"/>
        <line num="168" count="0" type="stmt"/>
        <line num="169" count="0" type="stmt"/>
        <line num="170" count="0" type="stmt"/>
        <line num="171" count="0" type="stmt"/>
        <line num="172" count="0" type="stmt"/>
        <line num="173" count="0" type="stmt"/>
        <line num="174" count="0" type="stmt"/>
        <line num="175" count="0" type="stmt"/>
        <line num="176" count="0" type="stmt"/>
        <line num="177" count="0" type="stmt"/>
        <line num="178" count="0" type="stmt"/>
        <line num="179" count="0" type="stmt"/>
        <line num="180" count="0" type="stmt"/>
        <line num="181" count="0" type="stmt"/>
        <line num="182" count="0" type="stmt"/>
        <line num="183" count="0" type="stmt"/>
        <line num="184" count="0" type="stmt"/>
        <line num="185" count="0" type="stmt"/>
        <line num="186" count="0" type="stmt"/>
        <line num="187" count="0" type="stmt"/>
        <line num="188" count="0" type="stmt"/>
        <line num="189" count="0" type="stmt"/>
        <line num="190" count="0" type="stmt"/>
        <line num="191" count="0" type="stmt"/>
        <line num="192" count="0" type="stmt"/>
        <line num="193" count="0" type="stmt"/>
        <line num="194" count="0" type="stmt"/>
        <line num="195" count="0" type="stmt"/>
        <line num="196" count="0" type="stmt"/>
        <line num="197" count="0" type="stmt"/>
        <line num="198" count="0" type="stmt"/>
        <line num="199" count="0" type="stmt"/>
        <line num="200" count="0" type="stmt"/>
        <line num="201" count="0" type="stmt"/>
        <line num="202" count="0" type="stmt"/>
        <line num="203" count="0" type="stmt"/>
        <line num="204" count="0" type="stmt"/>
        <line num="205" count="0" type="stmt"/>
        <line num="206" count="0" type="stmt"/>
        <line num="207" count="0" type="stmt"/>
        <line num="208" count="0" type="stmt"/>
        <line num="209" count="0" type="stmt"/>
        <line num="210" count="0" type="stmt"/>
        <line num="211" count="0" type="stmt"/>
        <line num="212" count="0" type="stmt"/>
        <line num="213" count="0" type="stmt"/>
        <line num="214" count="0" type="stmt"/>
        <line num="215" count="0" type="stmt"/>
        <line num="216" count="0" type="stmt"/>
        <line num="217" count="0" type="stmt"/>
        <line num="218" count="0" type="stmt"/>
        <line num="219" count="0" type="stmt"/>
        <line num="220" count="0" type="stmt"/>
        <line num="221" count="0" type="stmt"/>
        <line num="222" count="0" type="stmt"/>
        <line num="223" count="0" type="stmt"/>
        <line num="224" count="0" type="stmt"/>
        <line num="225" count="0" type="stmt"/>
        <line num="226" count="0" type="stmt"/>
        <line num="227" count="0" type="stmt"/>
        <line num="228" count="0" type="stmt"/>
        <line num="229" count="0" type="stmt"/>
        <line num="230" count="0" type="stmt"/>
        <line num="231" count="0" type="stmt"/>
        <line num="232" count="0" type="stmt"/>
        <line num="233" count="0" type="stmt"/>
        <line num="234" count="0" type="stmt"/>
        <line num="235" count="0" type="stmt"/>
        <line num="236" count="0" type="stmt"/>
        <line num="237" count="0" type="stmt"/>
      </file>
    </package>
    <package name="frontend.src.utils">
      <metrics statements="13" coveredstatements="0" conditionals="1" coveredconditionals="0" methods="1" coveredmethods="0"/>
      <file name="leafletSetup.ts" path="/Users/ashish.rameshwalke/Documents/Smart Farm/Code/Smart-Farm-Field-Intelligence-Platform/frontend/src/utils/leafletSetup.ts">
        <metrics statements="13" coveredstatements="0" conditionals="1" coveredconditionals="0" methods="1" coveredmethods="0"/>
        <line num="1" count="0" type="cond" truecount="0" falsecount="1"/>
        <line num="2" count="0" type="stmt"/>
        <line num="3" count="0" type="stmt"/>
        <line num="4" count="0" type="stmt"/>
        <line num="5" count="0" type="stmt"/>
        <line num="6" count="0" type="stmt"/>
        <line num="7" count="0" type="stmt"/>
        <line num="8" count="0" type="stmt"/>
        <line num="9" count="0" type="stmt"/>
        <line num="10" count="0" type="stmt"/>
        <line num="11" count="0" type="stmt"/>
        <line num="12" count="0" type="stmt"/>
        <line num="13" count="0" type="stmt"/>
      </file>
    </package>
  </project>
</coverage>
