<?xml version="1.0" encoding="UTF-8"?>
<coverage generated="1780298418873" clover="3.2.0">
  <project timestamp="1780298418873" name="All files">
    <metrics statements="79" coveredstatements="77" conditionals="38" coveredconditionals="36" methods="9" coveredmethods="9" elements="126" coveredelements="122" complexity="0" loc="79" ncloc="79" packages="8" files="9" classes="9"/>
    <package name="config">
      <metrics statements="12" coveredstatements="11" conditionals="4" coveredconditionals="3" methods="1" coveredmethods="1"/>
      <file name="db.ts" path="/Users/ashish.rameshwalke/Documents/Smart Farm/Code/Smart-Farm-Field-Intelligence-Platform/backend/src/config/db.ts">
        <metrics statements="4" coveredstatements="4" conditionals="0" coveredconditionals="0" methods="0" coveredmethods="0"/>
        <line num="1" count="3" type="stmt"/>
        <line num="2" count="3" type="stmt"/>
        <line num="4" count="3" type="stmt"/>
        <line num="6" count="3" type="stmt"/>
      </file>
      <file name="env.ts" path="/Users/ashish.rameshwalke/Documents/Smart Farm/Code/Smart-Farm-Field-Intelligence-Platform/backend/src/config/env.ts">
        <metrics statements="8" coveredstatements="7" conditionals="4" coveredconditionals="3" methods="1" coveredmethods="1"/>
        <line num="1" count="4" type="stmt"/>
        <line num="3" count="4" type="stmt"/>
        <line num="5" count="4" type="stmt"/>
        <line num="6" count="24" type="stmt"/>
        <line num="7" count="24" type="cond" truecount="1" falsecount="1"/>
        <line num="8" count="0" type="stmt"/>
        <line num="10" count="24" type="stmt"/>
        <line num="13" count="4" type="stmt"/>
      </file>
    </package>
    <package name="controllers">
      <metrics statements="10" coveredstatements="10" conditionals="2" coveredconditionals="2" methods="1" coveredmethods="1"/>
      <file name="auth.controller.ts" path="/Users/ashish.rameshwalke/Documents/Smart Farm/Code/Smart-Farm-Field-Intelligence-Platform/backend/src/controllers/auth.controller.ts">
        <metrics statements="10" coveredstatements="10" conditionals="2" coveredconditionals="2" methods="1" coveredmethods="1"/>
        <line num="2" count="2" type="stmt"/>
        <line num="3" count="2" type="stmt"/>
        <line num="5" count="2" type="stmt"/>
        <line num="6" count="4" type="stmt"/>
        <line num="7" count="4" type="stmt"/>
        <line num="9" count="2" type="stmt"/>
        <line num="11" count="2" type="cond" truecount="2" falsecount="0"/>
        <line num="12" count="1" type="stmt"/>
        <line num="21" count="1" type="stmt"/>
        <line num="23" count="1" type="stmt"/>
      </file>
    </package>
    <package name="middlewares">
      <metrics statements="8" coveredstatements="7" conditionals="2" coveredconditionals="1" methods="2" coveredmethods="2"/>
      <file name="validate.middleware.ts" path="/Users/ashish.rameshwalke/Documents/Smart Farm/Code/Smart-Farm-Field-Intelligence-Platform/backend/src/middlewares/validate.middleware.ts">
        <metrics statements="8" coveredstatements="7" conditionals="2" coveredconditionals="1" methods="2" coveredmethods="2"/>
        <line num="2" count="1" type="stmt"/>
        <line num="4" count="1" type="stmt"/>
        <line num="5" count="1" type="stmt"/>
        <line num="6" count="1" type="stmt"/>
        <line num="7" count="1" type="stmt"/>
        <line num="9" count="1" type="cond" truecount="1" falsecount="1"/>
        <line num="10" count="0" type="stmt"/>
        <line num="13" count="1" type="stmt"/>
      </file>
    </package>
    <package name="repositories">
      <metrics statements="7" coveredstatements="7" conditionals="2" coveredconditionals="2" methods="2" coveredmethods="2"/>
      <file name="auth.repository.ts" path="/Users/ashish.rameshwalke/Documents/Smart Farm/Code/Smart-Farm-Field-Intelligence-Platform/backend/src/repositories/auth.repository.ts">
        <metrics statements="7" coveredstatements="7" conditionals="2" coveredconditionals="2" methods="2" coveredmethods="2"/>
        <line num="1" count="4" type="stmt"/>
        <line num="4" count="4" type="stmt"/>
        <line num="5" count="2" type="stmt"/>
        <line num="11" count="2" type="cond" truecount="2" falsecount="0"/>
        <line num="14" count="4" type="stmt"/>
        <line num="19" count="2" type="stmt"/>
        <line num="26" count="2" type="stmt"/>
      </file>
    </package>
    <package name="routes">
      <metrics statements="7" coveredstatements="7" conditionals="0" coveredconditionals="0" methods="0" coveredmethods="0"/>
      <file name="auth.routes.ts" path="/Users/ashish.rameshwalke/Documents/Smart Farm/Code/Smart-Farm-Field-Intelligence-Platform/backend/src/routes/auth.routes.ts">
        <metrics statements="7" coveredstatements="7" conditionals="0" coveredconditionals="0" methods="0" coveredmethods="0"/>
        <line num="1" count="1" type="stmt"/>
        <line num="2" count="1" type="stmt"/>
        <line num="3" count="1" type="stmt"/>
        <line num="4" count="1" type="stmt"/>
        <line num="6" count="1" type="stmt"/>
        <line num="8" count="1" type="stmt"/>
        <line num="14" count="1" type="stmt"/>
      </file>
    </package>
    <package name="services">
      <metrics statements="13" coveredstatements="13" conditionals="2" coveredconditionals="2" methods="1" coveredmethods="1"/>
      <file name="auth.service.ts" path="/Users/ashish.rameshwalke/Documents/Smart Farm/Code/Smart-Farm-Field-Intelligence-Platform/backend/src/services/auth.service.ts">
        <metrics statements="13" coveredstatements="13" conditionals="2" coveredconditionals="2" methods="1" coveredmethods="1"/>
        <line num="1" count="3" type="stmt"/>
        <line num="2" count="3" type="stmt"/>
        <line num="3" count="3" type="stmt"/>
        <line num="5" count="3" type="stmt"/>
        <line num="7" count="3" type="stmt"/>
        <line num="8" count="3" type="stmt"/>
        <line num="11" count="3" type="stmt"/>
        <line num="12" count="3" type="cond" truecount="2" falsecount="0"/>
        <line num="13" count="1" type="stmt"/>
        <line num="17" count="2" type="stmt"/>
        <line num="20" count="2" type="stmt"/>
        <line num="23" count="2" type="stmt"/>
        <line num="29" count="2" type="stmt"/>
      </file>
    </package>
    <package name="utils">
      <metrics statements="6" coveredstatements="6" conditionals="8" coveredconditionals="8" methods="1" coveredmethods="1"/>
      <file name="response.ts" path="/Users/ashish.rameshwalke/Documents/Smart Farm/Code/Smart-Farm-Field-Intelligence-Platform/backend/src/utils/response.ts">
        <metrics statements="6" coveredstatements="6" conditionals="8" coveredconditionals="8" methods="1" coveredmethods="1"/>
        <line num="3" count="3" type="stmt"/>
        <line num="15" count="13" type="stmt"/>
        <line num="20" count="13" type="cond" truecount="2" falsecount="0"/>
        <line num="21" count="13" type="cond" truecount="2" falsecount="0"/>
        <line num="23" count="13" type="stmt"/>
        <line num="26" count="3" type="stmt"/>
      </file>
    </package>
    <package name="validations">
      <metrics statements="16" coveredstatements="16" conditionals="18" coveredconditionals="18" methods="1" coveredmethods="1"/>
      <file name="auth.validation.ts" path="/Users/ashish.rameshwalke/Documents/Smart Farm/Code/Smart-Farm-Field-Intelligence-Platform/backend/src/validations/auth.validation.ts">
        <metrics statements="16" coveredstatements="16" conditionals="18" coveredconditionals="18" methods="1" coveredmethods="1"/>
        <line num="3" count="2" type="stmt"/>
        <line num="4" count="12" type="stmt"/>
        <line num="7" count="12" type="cond" truecount="4" falsecount="0"/>
        <line num="8" count="2" type="stmt"/>
        <line num="11" count="10" type="cond" truecount="2" falsecount="0"/>
        <line num="12" count="1" type="stmt"/>
        <line num="16" count="9" type="cond" truecount="4" falsecount="0"/>
        <line num="17" count="2" type="stmt"/>
        <line num="20" count="7" type="stmt"/>
        <line num="21" count="7" type="cond" truecount="2" falsecount="0"/>
        <line num="22" count="2" type="stmt"/>
        <line num="26" count="5" type="cond" truecount="4" falsecount="0"/>
        <line num="27" count="2" type="stmt"/>
        <line num="30" count="3" type="cond" truecount="2" falsecount="0"/>
        <line num="31" count="1" type="stmt"/>
        <line num="34" count="2" type="stmt"/>
      </file>
    </package>
  </project>
</coverage>
