TN:
SF:src/config/db.ts
FNF:0
FNH:0
DA:1,3
DA:2,3
DA:4,3
DA:6,3
LF:4
LH:4
BRF:0
BRH:0
end_of_record
TN:
SF:src/config/env.ts
FN:5,(anonymous_1)
FNF:1
FNH:1
FNDA:24,(anonymous_1)
DA:1,4
DA:3,4
DA:5,4
DA:6,24
DA:7,24
DA:8,0
DA:10,24
DA:13,4
LF:8
LH:7
BRDA:7,0,0,0
BRDA:7,0,1,24
BRDA:14,1,0,4
BRDA:14,1,1,4
BRF:4
BRH:3
end_of_record
TN:
SF:src/controllers/auth.controller.ts
FN:5,(anonymous_0)
FNF:1
FNH:1
FNDA:4,(anonymous_0)
DA:2,2
DA:3,2
DA:5,2
DA:6,4
DA:7,4
DA:9,2
DA:11,2
DA:12,1
DA:21,1
DA:23,1
LF:10
LH:10
BRDA:11,0,0,1
BRDA:11,0,1,1
BRF:2
BRH:2
end_of_record
TN:
SF:src/middlewares/validate.middleware.ts
FN:5,(anonymous_0)
FN:6,(anonymous_1)
FNF:2
FNH:2
FNDA:1,(anonymous_0)
FNDA:1,(anonymous_1)
DA:2,1
DA:4,1
DA:5,1
DA:6,1
DA:7,1
DA:9,1
DA:10,0
DA:13,1
LF:8
LH:7
BRDA:9,0,0,0
BRDA:9,0,1,1
BRF:2
BRH:1
end_of_record
TN:
SF:src/repositories/auth.repository.ts
FN:4,(anonymous_0)
FN:14,(anonymous_1)
FNF:2
FNH:2
FNDA:2,(anonymous_0)
FNDA:2,(anonymous_1)
DA:1,4
DA:4,4
DA:5,2
DA:11,2
DA:14,4
DA:19,2
DA:26,2
LF:7
LH:7
BRDA:11,0,0,2
BRDA:11,0,1,1
BRF:2
BRH:2
end_of_record
TN:
SF:src/routes/auth.routes.ts
FNF:0
FNH:0
DA:1,1
DA:2,1
DA:3,1
DA:4,1
DA:6,1
DA:8,1
DA:14,1
LF:7
LH:7
BRF:0
BRH:0
end_of_record
TN:
SF:src/services/auth.service.ts
FN:7,(anonymous_1)
FNF:1
FNH:1
FNDA:3,(anonymous_1)
DA:1,3
DA:2,3
DA:3,3
DA:5,3
DA:7,3
DA:8,3
DA:11,3
DA:12,3
DA:13,1
DA:17,2
DA:20,2
DA:23,2
DA:29,2
LF:13
LH:13
BRDA:12,0,0,1
BRDA:12,0,1,2
BRF:2
BRH:2
end_of_record
TN:
SF:src/utils/response.ts
FN:3,(anonymous_0)
FNF:1
FNH:1
FNDA:13,(anonymous_0)
DA:3,3
DA:15,13
DA:20,13
DA:21,13
DA:23,13
DA:26,3
LF:6
LH:6
BRDA:5,0,0,1
BRDA:6,1,0,1
BRDA:7,2,0,5
BRDA:8,3,0,9
BRDA:20,4,0,5
BRDA:20,4,1,8
BRDA:21,5,0,4
BRDA:21,5,1,9
BRF:8
BRH:8
end_of_record
TN:
SF:src/validations/auth.validation.ts
FN:3,(anonymous_0)
FNF:1
FNH:1
FNDA:12,(anonymous_0)
DA:3,2
DA:4,12
DA:7,12
DA:8,2
DA:11,10
DA:12,1
DA:16,9
DA:17,2
DA:20,7
DA:21,7
DA:22,2
DA:26,5
DA:27,2
DA:30,3
DA:31,1
DA:34,2
LF:16
LH:16
BRDA:7,0,0,2
BRDA:7,0,1,10
BRDA:7,1,0,12
BRDA:7,1,1,11
BRDA:11,2,0,1
BRDA:11,2,1,9
BRDA:16,3,0,2
BRDA:16,3,1,7
BRDA:16,4,0,9
BRDA:16,4,1,8
BRDA:21,5,0,2
BRDA:21,5,1,5
BRDA:26,6,0,2
BRDA:26,6,1,3
BRDA:26,7,0,5
BRDA:26,7,1,4
BRDA:30,8,0,1
BRDA:30,8,1,2
BRF:18
BRH:18
end_of_record
